<html>
<head>
<title>TestNG:  test1</title>
<link href="../testng.css" rel="stylesheet" type="text/css" />
<link href="../my-testng.css" rel="stylesheet" type="text/css" />

<style type="text/css">
.log { display: none;} 
.stack-trace { display: none;} 
</style>
<script type="text/javascript">
<!--
function flip(e) {
  current = e.style.display;
  if (current == 'block') {
    e.style.display = 'none';
    return 0;
  }
  else {
    e.style.display = 'block';
    return 1;
  }
}

function toggleBox(szDivId, elem, msg1, msg2)
{
  var res = -1;  if (document.getElementById) {
    res = flip(document.getElementById(szDivId));
  }
  else if (document.all) {
    // this is the way old msie versions work
    res = flip(document.all[szDivId]);
  }
  if(elem) {
    if(res == 0) elem.innerHTML = msg1; else elem.innerHTML = msg2;
  }

}

function toggleAllBoxes() {
  if (document.getElementsByTagName) {
    d = document.getElementsByTagName('div');
    for (i = 0; i < d.length; i++) {
      if (d[i].className == 'log') {
        flip(d[i]);
      }
    }
  }
}

// -->
</script>

</head>
<body>
<h2 align='center'>test1</h2><table border='1' align="center">
<tr>
<td>Tests passed/Failed/Skipped:</td><td>0/0/37</td>
</tr><tr>
<td>Started on:</td><td>Mon Oct 09 11:33:05 CST 2017</td>
</tr>
<tr><td>Total time:</td><td>73 seconds (73118 ms)</td>
</tr><tr>
<td>Included groups:</td><td>All .* </td>
</tr><tr>
<td>Excluded groups:</td><td></td>
</tr>
</table><p/>
<small><i>(Hover the method name to see the test class name)</i></small><p/>
<table width='100%' border='1' class='invocation-failed'>
<tr><td colspan='4' align='center'><b>FAILED CONFIGURATIONS</b></td></tr>
<tr><td><b>Test method</b></td>
<td width="30%"><b>Exception</b></td>
<td width="10%"><b>Time (seconds)</b></td>
<td><b>Instance</b></td>
</tr>
<tr>
<td title='com.codoon.test.SportCircleTest.setUp()'><b>setUp</b><br>Test class: com.codoon.test.SportCircleTest</td>
<td><div><pre>org.openqa.selenium.NoSuchElementException: Can&apos;t locate an element by this strategy: By.AndroidUIAutomator: text(&quot;运动圈&quot;)
For documentation on this error, please visit: http://seleniumhq.org/exceptions/no_such_element.html
Build info: version: &apos;2.48.2&apos;, revision: &apos;41bccdd10cf2c0560f637404c2d96164b67d9d67&apos;, time: &apos;2015-10-09 13:08:06&apos;
System info: host: &apos;MrdeMacBook-Pro.local&apos;, ip: &apos;192.168.10.123&apos;, os.name: &apos;Mac OS X&apos;, os.arch: &apos;x86_64&apos;, os.version: &apos;10.12.5&apos;, java.version: &apos;1.8.0_131&apos;
Driver info: driver.version: unknown
	at io.appium.java_client.pagefactory.AppiumElementLocator.findElement(AppiumElementLocator.java:147)
	at io.appium.java_client.pagefactory.ElementInterceptor.intercept(ElementInterceptor.java:26)
	at org.openqa.selenium.remote.RemoteWebElement$$EnhancerByCGLIB$$c7388a5e.click(&lt;generated&gt;)
	at com.codoon.test.SportCircleTest.setUp(SportCircleTest.java:30)
... Removed 25 stack frames</pre></div><a href='#' onClick='toggleBox("stack-trace1110031167", this, "Click to show all stack frames", "Click to hide stack frames")'>Click to show all stack frames</a>
<div class='stack-trace' id='stack-trace1110031167'><pre>org.openqa.selenium.NoSuchElementException: Can&apos;t locate an element by this strategy: By.AndroidUIAutomator: text(&quot;运动圈&quot;)
For documentation on this error, please visit: http://seleniumhq.org/exceptions/no_such_element.html
Build info: version: &apos;2.48.2&apos;, revision: &apos;41bccdd10cf2c0560f637404c2d96164b67d9d67&apos;, time: &apos;2015-10-09 13:08:06&apos;
System info: host: &apos;MrdeMacBook-Pro.local&apos;, ip: &apos;192.168.10.123&apos;, os.name: &apos;Mac OS X&apos;, os.arch: &apos;x86_64&apos;, os.version: &apos;10.12.5&apos;, java.version: &apos;1.8.0_131&apos;
Driver info: driver.version: unknown
	at io.appium.java_client.pagefactory.AppiumElementLocator.findElement(AppiumElementLocator.java:147)
	at io.appium.java_client.pagefactory.ElementInterceptor.intercept(ElementInterceptor.java:26)
	at org.openqa.selenium.remote.RemoteWebElement$$EnhancerByCGLIB$$c7388a5e.click(&lt;generated&gt;)
	at com.codoon.test.SportCircleTest.setUp(SportCircleTest.java:30)
	at sun.reflect.NativeMethodAccessorImpl.invoke0(Native Method)
	at sun.reflect.NativeMethodAccessorImpl.invoke(NativeMethodAccessorImpl.java:62)
	at sun.reflect.DelegatingMethodAccessorImpl.invoke(DelegatingMethodAccessorImpl.java:43)
	at java.lang.reflect.Method.invoke(Method.java:498)
	at org.testng.internal.MethodInvocationHelper.invokeMethod(MethodInvocationHelper.java:85)
	at org.testng.internal.Invoker.invokeConfigurationMethod(Invoker.java:517)
	at org.testng.internal.Invoker.invokeConfigurations(Invoker.java:213)
	at org.testng.internal.Invoker.invokeMethod(Invoker.java:601)
	at org.testng.internal.Invoker.invokeTestMethod(Invoker.java:845)
	at org.testng.internal.Invoker.invokeTestMethods(Invoker.java:1153)
	at org.testng.internal.TestMethodWorker.invokeTestMethods(TestMethodWorker.java:125)
	at org.testng.internal.TestMethodWorker.run(TestMethodWorker.java:108)
	at org.testng.TestRunner.privateRun(TestRunner.java:771)
	at org.testng.TestRunner.run(TestRunner.java:621)
	at org.testng.SuiteRunner.runTest(SuiteRunner.java:357)
	at org.testng.SuiteRunner.runSequentially(SuiteRunner.java:352)
	at org.testng.SuiteRunner.privateRun(SuiteRunner.java:310)
	at org.testng.SuiteRunner.run(SuiteRunner.java:259)
	at org.testng.SuiteRunnerWorker.runSuite(SuiteRunnerWorker.java:52)
	at org.testng.SuiteRunnerWorker.run(SuiteRunnerWorker.java:86)
	at org.testng.TestNG.runSuitesSequentially(TestNG.java:1199)
	at org.testng.TestNG.runSuitesLocally(TestNG.java:1124)
	at org.testng.TestNG.run(TestNG.java:1032)
	at org.testng.IDEARemoteTestNG.run(IDEARemoteTestNG.java:72)
	at org.testng.RemoteTestNGStarter.main(RemoteTestNGStarter.java:123)
</pre></div></td>
<td>0</td>
<td>com.codoon.test.SportCircleTest@56ef9176</td></tr>
<tr>
<td title='com.codoon.test.DrycargoTest.tearDown()'><b>tearDown</b><br>Test class: com.codoon.test.DrycargoTest</td>
<td><div><pre>org.openqa.selenium.remote.SessionNotFoundException: Session ID is null. Using WebDriver after calling quit()?
Build info: version: &apos;2.48.2&apos;, revision: &apos;41bccdd10cf2c0560f637404c2d96164b67d9d67&apos;, time: &apos;2015-10-09 13:08:06&apos;
System info: host: &apos;MrdeMacBook-Pro.local&apos;, ip: &apos;192.168.10.123&apos;, os.name: &apos;Mac OS X&apos;, os.arch: &apos;x86_64&apos;, os.version: &apos;10.12.5&apos;, java.version: &apos;1.8.0_131&apos;
Driver info: driver.version: AppiumDriver
	at org.openqa.selenium.remote.HttpCommandExecutor.execute(HttpCommandExecutor.java:134)
	at org.openqa.selenium.remote.RemoteWebDriver.execute(RemoteWebDriver.java:620)
	at io.appium.java_client.AppiumDriver.execute(AppiumDriver.java:180)
	at io.appium.java_client.AppiumDriver.execute(AppiumDriver.java:185)
	at io.appium.java_client.AppiumDriver.getContext(AppiumDriver.java:546)
	at com.codoon.common.util.DeviceHelper.pressBackToHomePage(DeviceHelper.java:397)
	at com.codoon.test.DrycargoTest.tearDown(DrycargoTest.java:42)
... Removed 25 stack frames</pre></div><a href='#' onClick='toggleBox("stack-trace159290353", this, "Click to show all stack frames", "Click to hide stack frames")'>Click to show all stack frames</a>
<div class='stack-trace' id='stack-trace159290353'><pre>org.openqa.selenium.remote.SessionNotFoundException: Session ID is null. Using WebDriver after calling quit()?
Build info: version: &apos;2.48.2&apos;, revision: &apos;41bccdd10cf2c0560f637404c2d96164b67d9d67&apos;, time: &apos;2015-10-09 13:08:06&apos;
System info: host: &apos;MrdeMacBook-Pro.local&apos;, ip: &apos;192.168.10.123&apos;, os.name: &apos;Mac OS X&apos;, os.arch: &apos;x86_64&apos;, os.version: &apos;10.12.5&apos;, java.version: &apos;1.8.0_131&apos;
Driver info: driver.version: AppiumDriver
	at org.openqa.selenium.remote.HttpCommandExecutor.execute(HttpCommandExecutor.java:134)
	at org.openqa.selenium.remote.RemoteWebDriver.execute(RemoteWebDriver.java:620)
	at io.appium.java_client.AppiumDriver.execute(AppiumDriver.java:180)
	at io.appium.java_client.AppiumDriver.execute(AppiumDriver.java:185)
	at io.appium.java_client.AppiumDriver.getContext(AppiumDriver.java:546)
	at com.codoon.common.util.DeviceHelper.pressBackToHomePage(DeviceHelper.java:397)
	at com.codoon.test.DrycargoTest.tearDown(DrycargoTest.java:42)
	at sun.reflect.NativeMethodAccessorImpl.invoke0(Native Method)
	at sun.reflect.NativeMethodAccessorImpl.invoke(NativeMethodAccessorImpl.java:62)
	at sun.reflect.DelegatingMethodAccessorImpl.invoke(DelegatingMethodAccessorImpl.java:43)
	at java.lang.reflect.Method.invoke(Method.java:498)
	at org.testng.internal.MethodInvocationHelper.invokeMethod(MethodInvocationHelper.java:85)
	at org.testng.internal.Invoker.invokeConfigurationMethod(Invoker.java:517)
	at org.testng.internal.Invoker.invokeConfigurations(Invoker.java:213)
	at org.testng.internal.Invoker.invokeMethod(Invoker.java:732)
	at org.testng.internal.Invoker.invokeTestMethod(Invoker.java:845)
	at org.testng.internal.Invoker.invokeTestMethods(Invoker.java:1153)
	at org.testng.internal.TestMethodWorker.invokeTestMethods(TestMethodWorker.java:125)
	at org.testng.internal.TestMethodWorker.run(TestMethodWorker.java:108)
	at org.testng.TestRunner.privateRun(TestRunner.java:771)
	at org.testng.TestRunner.run(TestRunner.java:621)
	at org.testng.SuiteRunner.runTest(SuiteRunner.java:357)
	at org.testng.SuiteRunner.runSequentially(SuiteRunner.java:352)
	at org.testng.SuiteRunner.privateRun(SuiteRunner.java:310)
	at org.testng.SuiteRunner.run(SuiteRunner.java:259)
	at org.testng.SuiteRunnerWorker.runSuite(SuiteRunnerWorker.java:52)
	at org.testng.SuiteRunnerWorker.run(SuiteRunnerWorker.java:86)
	at org.testng.TestNG.runSuitesSequentially(TestNG.java:1199)
	at org.testng.TestNG.runSuitesLocally(TestNG.java:1124)
	at org.testng.TestNG.run(TestNG.java:1032)
	at org.testng.IDEARemoteTestNG.run(IDEARemoteTestNG.java:72)
	at org.testng.RemoteTestNGStarter.main(RemoteTestNGStarter.java:123)
</pre></div></td>
<td>0</td>
<td>com.codoon.test.DrycargoTest@6adede5</td></tr>
<tr>
<td title='com.codoon.test.DrycargoTest.tearDown()'><b>tearDown</b><br>Test class: com.codoon.test.DrycargoTest</td>
<td><div><pre>org.openqa.selenium.remote.SessionNotFoundException: Session ID is null. Using WebDriver after calling quit()?
Build info: version: &apos;2.48.2&apos;, revision: &apos;41bccdd10cf2c0560f637404c2d96164b67d9d67&apos;, time: &apos;2015-10-09 13:08:06&apos;
System info: host: &apos;MrdeMacBook-Pro.local&apos;, ip: &apos;192.168.10.123&apos;, os.name: &apos;Mac OS X&apos;, os.arch: &apos;x86_64&apos;, os.version: &apos;10.12.5&apos;, java.version: &apos;1.8.0_131&apos;
Driver info: driver.version: AppiumDriver
	at org.openqa.selenium.remote.HttpCommandExecutor.execute(HttpCommandExecutor.java:134)
	at org.openqa.selenium.remote.RemoteWebDriver.execute(RemoteWebDriver.java:620)
	at io.appium.java_client.AppiumDriver.execute(AppiumDriver.java:180)
	at io.appium.java_client.AppiumDriver.execute(AppiumDriver.java:185)
	at io.appium.java_client.AppiumDriver.getContext(AppiumDriver.java:546)
	at com.codoon.common.util.DeviceHelper.pressBackToHomePage(DeviceHelper.java:397)
	at com.codoon.test.DrycargoTest.tearDown(DrycargoTest.java:42)
... Removed 25 stack frames</pre></div><a href='#' onClick='toggleBox("stack-trace1795816257", this, "Click to show all stack frames", "Click to hide stack frames")'>Click to show all stack frames</a>
<div class='stack-trace' id='stack-trace1795816257'><pre>org.openqa.selenium.remote.SessionNotFoundException: Session ID is null. Using WebDriver after calling quit()?
Build info: version: &apos;2.48.2&apos;, revision: &apos;41bccdd10cf2c0560f637404c2d96164b67d9d67&apos;, time: &apos;2015-10-09 13:08:06&apos;
System info: host: &apos;MrdeMacBook-Pro.local&apos;, ip: &apos;192.168.10.123&apos;, os.name: &apos;Mac OS X&apos;, os.arch: &apos;x86_64&apos;, os.version: &apos;10.12.5&apos;, java.version: &apos;1.8.0_131&apos;
Driver info: driver.version: AppiumDriver
	at org.openqa.selenium.remote.HttpCommandExecutor.execute(HttpCommandExecutor.java:134)
	at org.openqa.selenium.remote.RemoteWebDriver.execute(RemoteWebDriver.java:620)
	at io.appium.java_client.AppiumDriver.execute(AppiumDriver.java:180)
	at io.appium.java_client.AppiumDriver.execute(AppiumDriver.java:185)
	at io.appium.java_client.AppiumDriver.getContext(AppiumDriver.java:546)
	at com.codoon.common.util.DeviceHelper.pressBackToHomePage(DeviceHelper.java:397)
	at com.codoon.test.DrycargoTest.tearDown(DrycargoTest.java:42)
	at sun.reflect.NativeMethodAccessorImpl.invoke0(Native Method)
	at sun.reflect.NativeMethodAccessorImpl.invoke(NativeMethodAccessorImpl.java:62)
	at sun.reflect.DelegatingMethodAccessorImpl.invoke(DelegatingMethodAccessorImpl.java:43)
	at java.lang.reflect.Method.invoke(Method.java:498)
	at org.testng.internal.MethodInvocationHelper.invokeMethod(MethodInvocationHelper.java:85)
	at org.testng.internal.Invoker.invokeConfigurationMethod(Invoker.java:517)
	at org.testng.internal.Invoker.invokeConfigurations(Invoker.java:213)
	at org.testng.internal.Invoker.invokeMethod(Invoker.java:732)
	at org.testng.internal.Invoker.invokeTestMethod(Invoker.java:845)
	at org.testng.internal.Invoker.invokeTestMethods(Invoker.java:1153)
	at org.testng.internal.TestMethodWorker.invokeTestMethods(TestMethodWorker.java:125)
	at org.testng.internal.TestMethodWorker.run(TestMethodWorker.java:108)
	at org.testng.TestRunner.privateRun(TestRunner.java:771)
	at org.testng.TestRunner.run(TestRunner.java:621)
	at org.testng.SuiteRunner.runTest(SuiteRunner.java:357)
	at org.testng.SuiteRunner.runSequentially(SuiteRunner.java:352)
	at org.testng.SuiteRunner.privateRun(SuiteRunner.java:310)
	at org.testng.SuiteRunner.run(SuiteRunner.java:259)
	at org.testng.SuiteRunnerWorker.runSuite(SuiteRunnerWorker.java:52)
	at org.testng.SuiteRunnerWorker.run(SuiteRunnerWorker.java:86)
	at org.testng.TestNG.runSuitesSequentially(TestNG.java:1199)
	at org.testng.TestNG.runSuitesLocally(TestNG.java:1124)
	at org.testng.TestNG.run(TestNG.java:1032)
	at org.testng.IDEARemoteTestNG.run(IDEARemoteTestNG.java:72)
	at org.testng.RemoteTestNGStarter.main(RemoteTestNGStarter.java:123)
</pre></div></td>
<td>0</td>
<td>com.codoon.test.DrycargoTest@6adede5</td></tr>
<tr>
<td title='com.codoon.test.DrycargoTest.tearDown()'><b>tearDown</b><br>Test class: com.codoon.test.DrycargoTest</td>
<td><div><pre>org.openqa.selenium.remote.SessionNotFoundException: Session ID is null. Using WebDriver after calling quit()?
Build info: version: &apos;2.48.2&apos;, revision: &apos;41bccdd10cf2c0560f637404c2d96164b67d9d67&apos;, time: &apos;2015-10-09 13:08:06&apos;
System info: host: &apos;MrdeMacBook-Pro.local&apos;, ip: &apos;192.168.10.123&apos;, os.name: &apos;Mac OS X&apos;, os.arch: &apos;x86_64&apos;, os.version: &apos;10.12.5&apos;, java.version: &apos;1.8.0_131&apos;
Driver info: driver.version: AppiumDriver
	at org.openqa.selenium.remote.HttpCommandExecutor.execute(HttpCommandExecutor.java:134)
	at org.openqa.selenium.remote.RemoteWebDriver.execute(RemoteWebDriver.java:620)
	at io.appium.java_client.AppiumDriver.execute(AppiumDriver.java:180)
	at io.appium.java_client.AppiumDriver.execute(AppiumDriver.java:185)
	at io.appium.java_client.AppiumDriver.getContext(AppiumDriver.java:546)
	at com.codoon.common.util.DeviceHelper.pressBackToHomePage(DeviceHelper.java:397)
	at com.codoon.test.DrycargoTest.tearDown(DrycargoTest.java:42)
... Removed 25 stack frames</pre></div><a href='#' onClick='toggleBox("stack-trace603305436", this, "Click to show all stack frames", "Click to hide stack frames")'>Click to show all stack frames</a>
<div class='stack-trace' id='stack-trace603305436'><pre>org.openqa.selenium.remote.SessionNotFoundException: Session ID is null. Using WebDriver after calling quit()?
Build info: version: &apos;2.48.2&apos;, revision: &apos;41bccdd10cf2c0560f637404c2d96164b67d9d67&apos;, time: &apos;2015-10-09 13:08:06&apos;
System info: host: &apos;MrdeMacBook-Pro.local&apos;, ip: &apos;192.168.10.123&apos;, os.name: &apos;Mac OS X&apos;, os.arch: &apos;x86_64&apos;, os.version: &apos;10.12.5&apos;, java.version: &apos;1.8.0_131&apos;
Driver info: driver.version: AppiumDriver
	at org.openqa.selenium.remote.HttpCommandExecutor.execute(HttpCommandExecutor.java:134)
	at org.openqa.selenium.remote.RemoteWebDriver.execute(RemoteWebDriver.java:620)
	at io.appium.java_client.AppiumDriver.execute(AppiumDriver.java:180)
	at io.appium.java_client.AppiumDriver.execute(AppiumDriver.java:185)
	at io.appium.java_client.AppiumDriver.getContext(AppiumDriver.java:546)
	at com.codoon.common.util.DeviceHelper.pressBackToHomePage(DeviceHelper.java:397)
	at com.codoon.test.DrycargoTest.tearDown(DrycargoTest.java:42)
	at sun.reflect.NativeMethodAccessorImpl.invoke0(Native Method)
	at sun.reflect.NativeMethodAccessorImpl.invoke(NativeMethodAccessorImpl.java:62)
	at sun.reflect.DelegatingMethodAccessorImpl.invoke(DelegatingMethodAccessorImpl.java:43)
	at java.lang.reflect.Method.invoke(Method.java:498)
	at org.testng.internal.MethodInvocationHelper.invokeMethod(MethodInvocationHelper.java:85)
	at org.testng.internal.Invoker.invokeConfigurationMethod(Invoker.java:517)
	at org.testng.internal.Invoker.invokeConfigurations(Invoker.java:213)
	at org.testng.internal.Invoker.invokeMethod(Invoker.java:732)
	at org.testng.internal.Invoker.invokeTestMethod(Invoker.java:845)
	at org.testng.internal.Invoker.invokeTestMethods(Invoker.java:1153)
	at org.testng.internal.TestMethodWorker.invokeTestMethods(TestMethodWorker.java:125)
	at org.testng.internal.TestMethodWorker.run(TestMethodWorker.java:108)
	at org.testng.TestRunner.privateRun(TestRunner.java:771)
	at org.testng.TestRunner.run(TestRunner.java:621)
	at org.testng.SuiteRunner.runTest(SuiteRunner.java:357)
	at org.testng.SuiteRunner.runSequentially(SuiteRunner.java:352)
	at org.testng.SuiteRunner.privateRun(SuiteRunner.java:310)
	at org.testng.SuiteRunner.run(SuiteRunner.java:259)
	at org.testng.SuiteRunnerWorker.runSuite(SuiteRunnerWorker.java:52)
	at org.testng.SuiteRunnerWorker.run(SuiteRunnerWorker.java:86)
	at org.testng.TestNG.runSuitesSequentially(TestNG.java:1199)
	at org.testng.TestNG.runSuitesLocally(TestNG.java:1124)
	at org.testng.TestNG.run(TestNG.java:1032)
	at org.testng.IDEARemoteTestNG.run(IDEARemoteTestNG.java:72)
	at org.testng.RemoteTestNGStarter.main(RemoteTestNGStarter.java:123)
</pre></div></td>
<td>0</td>
<td>com.codoon.test.DrycargoTest@6adede5</td></tr>
<tr>
<td title='com.codoon.test.DrycargoTest.tearDown()'><b>tearDown</b><br>Test class: com.codoon.test.DrycargoTest</td>
<td><div><pre>org.openqa.selenium.remote.SessionNotFoundException: Session ID is null. Using WebDriver after calling quit()?
Build info: version: &apos;2.48.2&apos;, revision: &apos;41bccdd10cf2c0560f637404c2d96164b67d9d67&apos;, time: &apos;2015-10-09 13:08:06&apos;
System info: host: &apos;MrdeMacBook-Pro.local&apos;, ip: &apos;192.168.10.123&apos;, os.name: &apos;Mac OS X&apos;, os.arch: &apos;x86_64&apos;, os.version: &apos;10.12.5&apos;, java.version: &apos;1.8.0_131&apos;
Driver info: driver.version: AppiumDriver
	at org.openqa.selenium.remote.HttpCommandExecutor.execute(HttpCommandExecutor.java:134)
	at org.openqa.selenium.remote.RemoteWebDriver.execute(RemoteWebDriver.java:620)
	at io.appium.java_client.AppiumDriver.execute(AppiumDriver.java:180)
	at io.appium.java_client.AppiumDriver.execute(AppiumDriver.java:185)
	at io.appium.java_client.AppiumDriver.getContext(AppiumDriver.java:546)
	at com.codoon.common.util.DeviceHelper.pressBackToHomePage(DeviceHelper.java:397)
	at com.codoon.test.DrycargoTest.tearDown(DrycargoTest.java:42)
... Removed 25 stack frames</pre></div><a href='#' onClick='toggleBox("stack-trace116669570", this, "Click to show all stack frames", "Click to hide stack frames")'>Click to show all stack frames</a>
<div class='stack-trace' id='stack-trace116669570'><pre>org.openqa.selenium.remote.SessionNotFoundException: Session ID is null. Using WebDriver after calling quit()?
Build info: version: &apos;2.48.2&apos;, revision: &apos;41bccdd10cf2c0560f637404c2d96164b67d9d67&apos;, time: &apos;2015-10-09 13:08:06&apos;
System info: host: &apos;MrdeMacBook-Pro.local&apos;, ip: &apos;192.168.10.123&apos;, os.name: &apos;Mac OS X&apos;, os.arch: &apos;x86_64&apos;, os.version: &apos;10.12.5&apos;, java.version: &apos;1.8.0_131&apos;
Driver info: driver.version: AppiumDriver
	at org.openqa.selenium.remote.HttpCommandExecutor.execute(HttpCommandExecutor.java:134)
	at org.openqa.selenium.remote.RemoteWebDriver.execute(RemoteWebDriver.java:620)
	at io.appium.java_client.AppiumDriver.execute(AppiumDriver.java:180)
	at io.appium.java_client.AppiumDriver.execute(AppiumDriver.java:185)
	at io.appium.java_client.AppiumDriver.getContext(AppiumDriver.java:546)
	at com.codoon.common.util.DeviceHelper.pressBackToHomePage(DeviceHelper.java:397)
	at com.codoon.test.DrycargoTest.tearDown(DrycargoTest.java:42)
	at sun.reflect.NativeMethodAccessorImpl.invoke0(Native Method)
	at sun.reflect.NativeMethodAccessorImpl.invoke(NativeMethodAccessorImpl.java:62)
	at sun.reflect.DelegatingMethodAccessorImpl.invoke(DelegatingMethodAccessorImpl.java:43)
	at java.lang.reflect.Method.invoke(Method.java:498)
	at org.testng.internal.MethodInvocationHelper.invokeMethod(MethodInvocationHelper.java:85)
	at org.testng.internal.Invoker.invokeConfigurationMethod(Invoker.java:517)
	at org.testng.internal.Invoker.invokeConfigurations(Invoker.java:213)
	at org.testng.internal.Invoker.invokeMethod(Invoker.java:732)
	at org.testng.internal.Invoker.invokeTestMethod(Invoker.java:845)
	at org.testng.internal.Invoker.invokeTestMethods(Invoker.java:1153)
	at org.testng.internal.TestMethodWorker.invokeTestMethods(TestMethodWorker.java:125)
	at org.testng.internal.TestMethodWorker.run(TestMethodWorker.java:108)
	at org.testng.TestRunner.privateRun(TestRunner.java:771)
	at org.testng.TestRunner.run(TestRunner.java:621)
	at org.testng.SuiteRunner.runTest(SuiteRunner.java:357)
	at org.testng.SuiteRunner.runSequentially(SuiteRunner.java:352)
	at org.testng.SuiteRunner.privateRun(SuiteRunner.java:310)
	at org.testng.SuiteRunner.run(SuiteRunner.java:259)
	at org.testng.SuiteRunnerWorker.runSuite(SuiteRunnerWorker.java:52)
	at org.testng.SuiteRunnerWorker.run(SuiteRunnerWorker.java:86)
	at org.testng.TestNG.runSuitesSequentially(TestNG.java:1199)
	at org.testng.TestNG.runSuitesLocally(TestNG.java:1124)
	at org.testng.TestNG.run(TestNG.java:1032)
	at org.testng.IDEARemoteTestNG.run(IDEARemoteTestNG.java:72)
	at org.testng.RemoteTestNGStarter.main(RemoteTestNGStarter.java:123)
</pre></div></td>
<td>0</td>
<td>com.codoon.test.DrycargoTest@6adede5</td></tr>
<tr>
<td title='com.codoon.test.DrycargoTest.tearDown()'><b>tearDown</b><br>Test class: com.codoon.test.DrycargoTest</td>
<td><div><pre>org.openqa.selenium.remote.SessionNotFoundException: Session ID is null. Using WebDriver after calling quit()?
Build info: version: &apos;2.48.2&apos;, revision: &apos;41bccdd10cf2c0560f637404c2d96164b67d9d67&apos;, time: &apos;2015-10-09 13:08:06&apos;
System info: host: &apos;MrdeMacBook-Pro.local&apos;, ip: &apos;192.168.10.123&apos;, os.name: &apos;Mac OS X&apos;, os.arch: &apos;x86_64&apos;, os.version: &apos;10.12.5&apos;, java.version: &apos;1.8.0_131&apos;
Driver info: driver.version: AppiumDriver
	at org.openqa.selenium.remote.HttpCommandExecutor.execute(HttpCommandExecutor.java:134)
	at org.openqa.selenium.remote.RemoteWebDriver.execute(RemoteWebDriver.java:620)
	at io.appium.java_client.AppiumDriver.execute(AppiumDriver.java:180)
	at io.appium.java_client.AppiumDriver.execute(AppiumDriver.java:185)
	at io.appium.java_client.AppiumDriver.getContext(AppiumDriver.java:546)
	at com.codoon.common.util.DeviceHelper.pressBackToHomePage(DeviceHelper.java:397)
	at com.codoon.test.DrycargoTest.tearDown(DrycargoTest.java:42)
... Removed 25 stack frames</pre></div><a href='#' onClick='toggleBox("stack-trace126189538", this, "Click to show all stack frames", "Click to hide stack frames")'>Click to show all stack frames</a>
<div class='stack-trace' id='stack-trace126189538'><pre>org.openqa.selenium.remote.SessionNotFoundException: Session ID is null. Using WebDriver after calling quit()?
Build info: version: &apos;2.48.2&apos;, revision: &apos;41bccdd10cf2c0560f637404c2d96164b67d9d67&apos;, time: &apos;2015-10-09 13:08:06&apos;
System info: host: &apos;MrdeMacBook-Pro.local&apos;, ip: &apos;192.168.10.123&apos;, os.name: &apos;Mac OS X&apos;, os.arch: &apos;x86_64&apos;, os.version: &apos;10.12.5&apos;, java.version: &apos;1.8.0_131&apos;
Driver info: driver.version: AppiumDriver
	at org.openqa.selenium.remote.HttpCommandExecutor.execute(HttpCommandExecutor.java:134)
	at org.openqa.selenium.remote.RemoteWebDriver.execute(RemoteWebDriver.java:620)
	at io.appium.java_client.AppiumDriver.execute(AppiumDriver.java:180)
	at io.appium.java_client.AppiumDriver.execute(AppiumDriver.java:185)
	at io.appium.java_client.AppiumDriver.getContext(AppiumDriver.java:546)
	at com.codoon.common.util.DeviceHelper.pressBackToHomePage(DeviceHelper.java:397)
	at com.codoon.test.DrycargoTest.tearDown(DrycargoTest.java:42)
	at sun.reflect.NativeMethodAccessorImpl.invoke0(Native Method)
	at sun.reflect.NativeMethodAccessorImpl.invoke(NativeMethodAccessorImpl.java:62)
	at sun.reflect.DelegatingMethodAccessorImpl.invoke(DelegatingMethodAccessorImpl.java:43)
	at java.lang.reflect.Method.invoke(Method.java:498)
	at org.testng.internal.MethodInvocationHelper.invokeMethod(MethodInvocationHelper.java:85)
	at org.testng.internal.Invoker.invokeConfigurationMethod(Invoker.java:517)
	at org.testng.internal.Invoker.invokeConfigurations(Invoker.java:213)
	at org.testng.internal.Invoker.invokeMethod(Invoker.java:732)
	at org.testng.internal.Invoker.invokeTestMethod(Invoker.java:845)
	at org.testng.internal.Invoker.invokeTestMethods(Invoker.java:1153)
	at org.testng.internal.TestMethodWorker.invokeTestMethods(TestMethodWorker.java:125)
	at org.testng.internal.TestMethodWorker.run(TestMethodWorker.java:108)
	at org.testng.TestRunner.privateRun(TestRunner.java:771)
	at org.testng.TestRunner.run(TestRunner.java:621)
	at org.testng.SuiteRunner.runTest(SuiteRunner.java:357)
	at org.testng.SuiteRunner.runSequentially(SuiteRunner.java:352)
	at org.testng.SuiteRunner.privateRun(SuiteRunner.java:310)
	at org.testng.SuiteRunner.run(SuiteRunner.java:259)
	at org.testng.SuiteRunnerWorker.runSuite(SuiteRunnerWorker.java:52)
	at org.testng.SuiteRunnerWorker.run(SuiteRunnerWorker.java:86)
	at org.testng.TestNG.runSuitesSequentially(TestNG.java:1199)
	at org.testng.TestNG.runSuitesLocally(TestNG.java:1124)
	at org.testng.TestNG.run(TestNG.java:1032)
	at org.testng.IDEARemoteTestNG.run(IDEARemoteTestNG.java:72)
	at org.testng.RemoteTestNGStarter.main(RemoteTestNGStarter.java:123)
</pre></div></td>
<td>0</td>
<td>com.codoon.test.DrycargoTest@6adede5</td></tr>
<tr>
<td title='com.codoon.test.DrycargoTest.tearDown()'><b>tearDown</b><br>Test class: com.codoon.test.DrycargoTest</td>
<td><div><pre>org.openqa.selenium.remote.SessionNotFoundException: Session ID is null. Using WebDriver after calling quit()?
Build info: version: &apos;2.48.2&apos;, revision: &apos;41bccdd10cf2c0560f637404c2d96164b67d9d67&apos;, time: &apos;2015-10-09 13:08:06&apos;
System info: host: &apos;MrdeMacBook-Pro.local&apos;, ip: &apos;192.168.10.123&apos;, os.name: &apos;Mac OS X&apos;, os.arch: &apos;x86_64&apos;, os.version: &apos;10.12.5&apos;, java.version: &apos;1.8.0_131&apos;
Driver info: driver.version: AppiumDriver
	at org.openqa.selenium.remote.HttpCommandExecutor.execute(HttpCommandExecutor.java:134)
	at org.openqa.selenium.remote.RemoteWebDriver.execute(RemoteWebDriver.java:620)
	at io.appium.java_client.AppiumDriver.execute(AppiumDriver.java:180)
	at io.appium.java_client.AppiumDriver.execute(AppiumDriver.java:185)
	at io.appium.java_client.AppiumDriver.getContext(AppiumDriver.java:546)
	at com.codoon.common.util.DeviceHelper.pressBackToHomePage(DeviceHelper.java:397)
	at com.codoon.test.DrycargoTest.tearDown(DrycargoTest.java:42)
... Removed 25 stack frames</pre></div><a href='#' onClick='toggleBox("stack-trace93199773", this, "Click to show all stack frames", "Click to hide stack frames")'>Click to show all stack frames</a>
<div class='stack-trace' id='stack-trace93199773'><pre>org.openqa.selenium.remote.SessionNotFoundException: Session ID is null. Using WebDriver after calling quit()?
Build info: version: &apos;2.48.2&apos;, revision: &apos;41bccdd10cf2c0560f637404c2d96164b67d9d67&apos;, time: &apos;2015-10-09 13:08:06&apos;
System info: host: &apos;MrdeMacBook-Pro.local&apos;, ip: &apos;192.168.10.123&apos;, os.name: &apos;Mac OS X&apos;, os.arch: &apos;x86_64&apos;, os.version: &apos;10.12.5&apos;, java.version: &apos;1.8.0_131&apos;
Driver info: driver.version: AppiumDriver
	at org.openqa.selenium.remote.HttpCommandExecutor.execute(HttpCommandExecutor.java:134)
	at org.openqa.selenium.remote.RemoteWebDriver.execute(RemoteWebDriver.java:620)
	at io.appium.java_client.AppiumDriver.execute(AppiumDriver.java:180)
	at io.appium.java_client.AppiumDriver.execute(AppiumDriver.java:185)
	at io.appium.java_client.AppiumDriver.getContext(AppiumDriver.java:546)
	at com.codoon.common.util.DeviceHelper.pressBackToHomePage(DeviceHelper.java:397)
	at com.codoon.test.DrycargoTest.tearDown(DrycargoTest.java:42)
	at sun.reflect.NativeMethodAccessorImpl.invoke0(Native Method)
	at sun.reflect.NativeMethodAccessorImpl.invoke(NativeMethodAccessorImpl.java:62)
	at sun.reflect.DelegatingMethodAccessorImpl.invoke(DelegatingMethodAccessorImpl.java:43)
	at java.lang.reflect.Method.invoke(Method.java:498)
	at org.testng.internal.MethodInvocationHelper.invokeMethod(MethodInvocationHelper.java:85)
	at org.testng.internal.Invoker.invokeConfigurationMethod(Invoker.java:517)
	at org.testng.internal.Invoker.invokeConfigurations(Invoker.java:213)
	at org.testng.internal.Invoker.invokeMethod(Invoker.java:732)
	at org.testng.internal.Invoker.invokeTestMethod(Invoker.java:845)
	at org.testng.internal.Invoker.invokeTestMethods(Invoker.java:1153)
	at org.testng.internal.TestMethodWorker.invokeTestMethods(TestMethodWorker.java:125)
	at org.testng.internal.TestMethodWorker.run(TestMethodWorker.java:108)
	at org.testng.TestRunner.privateRun(TestRunner.java:771)
	at org.testng.TestRunner.run(TestRunner.java:621)
	at org.testng.SuiteRunner.runTest(SuiteRunner.java:357)
	at org.testng.SuiteRunner.runSequentially(SuiteRunner.java:352)
	at org.testng.SuiteRunner.privateRun(SuiteRunner.java:310)
	at org.testng.SuiteRunner.run(SuiteRunner.java:259)
	at org.testng.SuiteRunnerWorker.runSuite(SuiteRunnerWorker.java:52)
	at org.testng.SuiteRunnerWorker.run(SuiteRunnerWorker.java:86)
	at org.testng.TestNG.runSuitesSequentially(TestNG.java:1199)
	at org.testng.TestNG.runSuitesLocally(TestNG.java:1124)
	at org.testng.TestNG.run(TestNG.java:1032)
	at org.testng.IDEARemoteTestNG.run(IDEARemoteTestNG.java:72)
	at org.testng.RemoteTestNGStarter.main(RemoteTestNGStarter.java:123)
</pre></div></td>
<td>0</td>
<td>com.codoon.test.DrycargoTest@6adede5</td></tr>
<tr>
<td title='com.codoon.test.DrycargoTest.tearDown()'><b>tearDown</b><br>Test class: com.codoon.test.DrycargoTest</td>
<td><div><pre>org.openqa.selenium.remote.SessionNotFoundException: Session ID is null. Using WebDriver after calling quit()?
Build info: version: &apos;2.48.2&apos;, revision: &apos;41bccdd10cf2c0560f637404c2d96164b67d9d67&apos;, time: &apos;2015-10-09 13:08:06&apos;
System info: host: &apos;MrdeMacBook-Pro.local&apos;, ip: &apos;192.168.10.123&apos;, os.name: &apos;Mac OS X&apos;, os.arch: &apos;x86_64&apos;, os.version: &apos;10.12.5&apos;, java.version: &apos;1.8.0_131&apos;
Driver info: driver.version: AppiumDriver
	at org.openqa.selenium.remote.HttpCommandExecutor.execute(HttpCommandExecutor.java:134)
	at org.openqa.selenium.remote.RemoteWebDriver.execute(RemoteWebDriver.java:620)
	at io.appium.java_client.AppiumDriver.execute(AppiumDriver.java:180)
	at io.appium.java_client.AppiumDriver.execute(AppiumDriver.java:185)
	at io.appium.java_client.AppiumDriver.getContext(AppiumDriver.java:546)
	at com.codoon.common.util.DeviceHelper.pressBackToHomePage(DeviceHelper.java:397)
	at com.codoon.test.DrycargoTest.tearDown(DrycargoTest.java:42)
... Removed 25 stack frames</pre></div><a href='#' onClick='toggleBox("stack-trace1396721535", this, "Click to show all stack frames", "Click to hide stack frames")'>Click to show all stack frames</a>
<div class='stack-trace' id='stack-trace1396721535'><pre>org.openqa.selenium.remote.SessionNotFoundException: Session ID is null. Using WebDriver after calling quit()?
Build info: version: &apos;2.48.2&apos;, revision: &apos;41bccdd10cf2c0560f637404c2d96164b67d9d67&apos;, time: &apos;2015-10-09 13:08:06&apos;
System info: host: &apos;MrdeMacBook-Pro.local&apos;, ip: &apos;192.168.10.123&apos;, os.name: &apos;Mac OS X&apos;, os.arch: &apos;x86_64&apos;, os.version: &apos;10.12.5&apos;, java.version: &apos;1.8.0_131&apos;
Driver info: driver.version: AppiumDriver
	at org.openqa.selenium.remote.HttpCommandExecutor.execute(HttpCommandExecutor.java:134)
	at org.openqa.selenium.remote.RemoteWebDriver.execute(RemoteWebDriver.java:620)
	at io.appium.java_client.AppiumDriver.execute(AppiumDriver.java:180)
	at io.appium.java_client.AppiumDriver.execute(AppiumDriver.java:185)
	at io.appium.java_client.AppiumDriver.getContext(AppiumDriver.java:546)
	at com.codoon.common.util.DeviceHelper.pressBackToHomePage(DeviceHelper.java:397)
	at com.codoon.test.DrycargoTest.tearDown(DrycargoTest.java:42)
	at sun.reflect.NativeMethodAccessorImpl.invoke0(Native Method)
	at sun.reflect.NativeMethodAccessorImpl.invoke(NativeMethodAccessorImpl.java:62)
	at sun.reflect.DelegatingMethodAccessorImpl.invoke(DelegatingMethodAccessorImpl.java:43)
	at java.lang.reflect.Method.invoke(Method.java:498)
	at org.testng.internal.MethodInvocationHelper.invokeMethod(MethodInvocationHelper.java:85)
	at org.testng.internal.Invoker.invokeConfigurationMethod(Invoker.java:517)
	at org.testng.internal.Invoker.invokeConfigurations(Invoker.java:213)
	at org.testng.internal.Invoker.invokeMethod(Invoker.java:732)
	at org.testng.internal.Invoker.invokeTestMethod(Invoker.java:845)
	at org.testng.internal.Invoker.invokeTestMethods(Invoker.java:1153)
	at org.testng.internal.TestMethodWorker.invokeTestMethods(TestMethodWorker.java:125)
	at org.testng.internal.TestMethodWorker.run(TestMethodWorker.java:108)
	at org.testng.TestRunner.privateRun(TestRunner.java:771)
	at org.testng.TestRunner.run(TestRunner.java:621)
	at org.testng.SuiteRunner.runTest(SuiteRunner.java:357)
	at org.testng.SuiteRunner.runSequentially(SuiteRunner.java:352)
	at org.testng.SuiteRunner.privateRun(SuiteRunner.java:310)
	at org.testng.SuiteRunner.run(SuiteRunner.java:259)
	at org.testng.SuiteRunnerWorker.runSuite(SuiteRunnerWorker.java:52)
	at org.testng.SuiteRunnerWorker.run(SuiteRunnerWorker.java:86)
	at org.testng.TestNG.runSuitesSequentially(TestNG.java:1199)
	at org.testng.TestNG.runSuitesLocally(TestNG.java:1124)
	at org.testng.TestNG.run(TestNG.java:1032)
	at org.testng.IDEARemoteTestNG.run(IDEARemoteTestNG.java:72)
	at org.testng.RemoteTestNGStarter.main(RemoteTestNGStarter.java:123)
</pre></div></td>
<td>0</td>
<td>com.codoon.test.DrycargoTest@6adede5</td></tr>
<tr>
<td title='com.codoon.test.DrycargoTest.tearDown()'><b>tearDown</b><br>Test class: com.codoon.test.DrycargoTest</td>
<td><div><pre>org.openqa.selenium.remote.SessionNotFoundException: Session ID is null. Using WebDriver after calling quit()?
Build info: version: &apos;2.48.2&apos;, revision: &apos;41bccdd10cf2c0560f637404c2d96164b67d9d67&apos;, time: &apos;2015-10-09 13:08:06&apos;
System info: host: &apos;MrdeMacBook-Pro.local&apos;, ip: &apos;192.168.10.123&apos;, os.name: &apos;Mac OS X&apos;, os.arch: &apos;x86_64&apos;, os.version: &apos;10.12.5&apos;, java.version: &apos;1.8.0_131&apos;
Driver info: driver.version: AppiumDriver
	at org.openqa.selenium.remote.HttpCommandExecutor.execute(HttpCommandExecutor.java:134)
	at org.openqa.selenium.remote.RemoteWebDriver.execute(RemoteWebDriver.java:620)
	at io.appium.java_client.AppiumDriver.execute(AppiumDriver.java:180)
	at io.appium.java_client.AppiumDriver.execute(AppiumDriver.java:185)
	at io.appium.java_client.AppiumDriver.getContext(AppiumDriver.java:546)
	at com.codoon.common.util.DeviceHelper.pressBackToHomePage(DeviceHelper.java:397)
	at com.codoon.test.DrycargoTest.tearDown(DrycargoTest.java:42)
... Removed 25 stack frames</pre></div><a href='#' onClick='toggleBox("stack-trace947553027", this, "Click to show all stack frames", "Click to hide stack frames")'>Click to show all stack frames</a>
<div class='stack-trace' id='stack-trace947553027'><pre>org.openqa.selenium.remote.SessionNotFoundException: Session ID is null. Using WebDriver after calling quit()?
Build info: version: &apos;2.48.2&apos;, revision: &apos;41bccdd10cf2c0560f637404c2d96164b67d9d67&apos;, time: &apos;2015-10-09 13:08:06&apos;
System info: host: &apos;MrdeMacBook-Pro.local&apos;, ip: &apos;192.168.10.123&apos;, os.name: &apos;Mac OS X&apos;, os.arch: &apos;x86_64&apos;, os.version: &apos;10.12.5&apos;, java.version: &apos;1.8.0_131&apos;
Driver info: driver.version: AppiumDriver
	at org.openqa.selenium.remote.HttpCommandExecutor.execute(HttpCommandExecutor.java:134)
	at org.openqa.selenium.remote.RemoteWebDriver.execute(RemoteWebDriver.java:620)
	at io.appium.java_client.AppiumDriver.execute(AppiumDriver.java:180)
	at io.appium.java_client.AppiumDriver.execute(AppiumDriver.java:185)
	at io.appium.java_client.AppiumDriver.getContext(AppiumDriver.java:546)
	at com.codoon.common.util.DeviceHelper.pressBackToHomePage(DeviceHelper.java:397)
	at com.codoon.test.DrycargoTest.tearDown(DrycargoTest.java:42)
	at sun.reflect.NativeMethodAccessorImpl.invoke0(Native Method)
	at sun.reflect.NativeMethodAccessorImpl.invoke(NativeMethodAccessorImpl.java:62)
	at sun.reflect.DelegatingMethodAccessorImpl.invoke(DelegatingMethodAccessorImpl.java:43)
	at java.lang.reflect.Method.invoke(Method.java:498)
	at org.testng.internal.MethodInvocationHelper.invokeMethod(MethodInvocationHelper.java:85)
	at org.testng.internal.Invoker.invokeConfigurationMethod(Invoker.java:517)
	at org.testng.internal.Invoker.invokeConfigurations(Invoker.java:213)
	at org.testng.internal.Invoker.invokeMethod(Invoker.java:732)
	at org.testng.internal.Invoker.invokeTestMethod(Invoker.java:845)
	at org.testng.internal.Invoker.invokeTestMethods(Invoker.java:1153)
	at org.testng.internal.TestMethodWorker.invokeTestMethods(TestMethodWorker.java:125)
	at org.testng.internal.TestMethodWorker.run(TestMethodWorker.java:108)
	at org.testng.TestRunner.privateRun(TestRunner.java:771)
	at org.testng.TestRunner.run(TestRunner.java:621)
	at org.testng.SuiteRunner.runTest(SuiteRunner.java:357)
	at org.testng.SuiteRunner.runSequentially(SuiteRunner.java:352)
	at org.testng.SuiteRunner.privateRun(SuiteRunner.java:310)
	at org.testng.SuiteRunner.run(SuiteRunner.java:259)
	at org.testng.SuiteRunnerWorker.runSuite(SuiteRunnerWorker.java:52)
	at org.testng.SuiteRunnerWorker.run(SuiteRunnerWorker.java:86)
	at org.testng.TestNG.runSuitesSequentially(TestNG.java:1199)
	at org.testng.TestNG.runSuitesLocally(TestNG.java:1124)
	at org.testng.TestNG.run(TestNG.java:1032)
	at org.testng.IDEARemoteTestNG.run(IDEARemoteTestNG.java:72)
	at org.testng.RemoteTestNGStarter.main(RemoteTestNGStarter.java:123)
</pre></div></td>
<td>0</td>
<td>com.codoon.test.DrycargoTest@6adede5</td></tr>
<tr>
<td title='com.codoon.test.DrycargoTest.tearDown()'><b>tearDown</b><br>Test class: com.codoon.test.DrycargoTest</td>
<td><div><pre>org.openqa.selenium.remote.SessionNotFoundException: Session ID is null. Using WebDriver after calling quit()?
Build info: version: &apos;2.48.2&apos;, revision: &apos;41bccdd10cf2c0560f637404c2d96164b67d9d67&apos;, time: &apos;2015-10-09 13:08:06&apos;
System info: host: &apos;MrdeMacBook-Pro.local&apos;, ip: &apos;192.168.10.123&apos;, os.name: &apos;Mac OS X&apos;, os.arch: &apos;x86_64&apos;, os.version: &apos;10.12.5&apos;, java.version: &apos;1.8.0_131&apos;
Driver info: driver.version: AppiumDriver
	at org.openqa.selenium.remote.HttpCommandExecutor.execute(HttpCommandExecutor.java:134)
	at org.openqa.selenium.remote.RemoteWebDriver.execute(RemoteWebDriver.java:620)
	at io.appium.java_client.AppiumDriver.execute(AppiumDriver.java:180)
	at io.appium.java_client.AppiumDriver.execute(AppiumDriver.java:185)
	at io.appium.java_client.AppiumDriver.getContext(AppiumDriver.java:546)
	at com.codoon.common.util.DeviceHelper.pressBackToHomePage(DeviceHelper.java:397)
	at com.codoon.test.DrycargoTest.tearDown(DrycargoTest.java:42)
... Removed 25 stack frames</pre></div><a href='#' onClick='toggleBox("stack-trace308433917", this, "Click to show all stack frames", "Click to hide stack frames")'>Click to show all stack frames</a>
<div class='stack-trace' id='stack-trace308433917'><pre>org.openqa.selenium.remote.SessionNotFoundException: Session ID is null. Using WebDriver after calling quit()?
Build info: version: &apos;2.48.2&apos;, revision: &apos;41bccdd10cf2c0560f637404c2d96164b67d9d67&apos;, time: &apos;2015-10-09 13:08:06&apos;
System info: host: &apos;MrdeMacBook-Pro.local&apos;, ip: &apos;192.168.10.123&apos;, os.name: &apos;Mac OS X&apos;, os.arch: &apos;x86_64&apos;, os.version: &apos;10.12.5&apos;, java.version: &apos;1.8.0_131&apos;
Driver info: driver.version: AppiumDriver
	at org.openqa.selenium.remote.HttpCommandExecutor.execute(HttpCommandExecutor.java:134)
	at org.openqa.selenium.remote.RemoteWebDriver.execute(RemoteWebDriver.java:620)
	at io.appium.java_client.AppiumDriver.execute(AppiumDriver.java:180)
	at io.appium.java_client.AppiumDriver.execute(AppiumDriver.java:185)
	at io.appium.java_client.AppiumDriver.getContext(AppiumDriver.java:546)
	at com.codoon.common.util.DeviceHelper.pressBackToHomePage(DeviceHelper.java:397)
	at com.codoon.test.DrycargoTest.tearDown(DrycargoTest.java:42)
	at sun.reflect.NativeMethodAccessorImpl.invoke0(Native Method)
	at sun.reflect.NativeMethodAccessorImpl.invoke(NativeMethodAccessorImpl.java:62)
	at sun.reflect.DelegatingMethodAccessorImpl.invoke(DelegatingMethodAccessorImpl.java:43)
	at java.lang.reflect.Method.invoke(Method.java:498)
	at org.testng.internal.MethodInvocationHelper.invokeMethod(MethodInvocationHelper.java:85)
	at org.testng.internal.Invoker.invokeConfigurationMethod(Invoker.java:517)
	at org.testng.internal.Invoker.invokeConfigurations(Invoker.java:213)
	at org.testng.internal.Invoker.invokeMethod(Invoker.java:732)
	at org.testng.internal.Invoker.invokeTestMethod(Invoker.java:845)
	at org.testng.internal.Invoker.invokeTestMethods(Invoker.java:1153)
	at org.testng.internal.TestMethodWorker.invokeTestMethods(TestMethodWorker.java:125)
	at org.testng.internal.TestMethodWorker.run(TestMethodWorker.java:108)
	at org.testng.TestRunner.privateRun(TestRunner.java:771)
	at org.testng.TestRunner.run(TestRunner.java:621)
	at org.testng.SuiteRunner.runTest(SuiteRunner.java:357)
	at org.testng.SuiteRunner.runSequentially(SuiteRunner.java:352)
	at org.testng.SuiteRunner.privateRun(SuiteRunner.java:310)
	at org.testng.SuiteRunner.run(SuiteRunner.java:259)
	at org.testng.SuiteRunnerWorker.runSuite(SuiteRunnerWorker.java:52)
	at org.testng.SuiteRunnerWorker.run(SuiteRunnerWorker.java:86)
	at org.testng.TestNG.runSuitesSequentially(TestNG.java:1199)
	at org.testng.TestNG.runSuitesLocally(TestNG.java:1124)
	at org.testng.TestNG.run(TestNG.java:1032)
	at org.testng.IDEARemoteTestNG.run(IDEARemoteTestNG.java:72)
	at org.testng.RemoteTestNGStarter.main(RemoteTestNGStarter.java:123)
</pre></div></td>
<td>0</td>
<td>com.codoon.test.DrycargoTest@6adede5</td></tr>
<tr>
<td title='com.codoon.test.DrycargoTest.tearDown()'><b>tearDown</b><br>Test class: com.codoon.test.DrycargoTest</td>
<td><div><pre>org.openqa.selenium.remote.SessionNotFoundException: Session ID is null. Using WebDriver after calling quit()?
Build info: version: &apos;2.48.2&apos;, revision: &apos;41bccdd10cf2c0560f637404c2d96164b67d9d67&apos;, time: &apos;2015-10-09 13:08:06&apos;
System info: host: &apos;MrdeMacBook-Pro.local&apos;, ip: &apos;192.168.10.123&apos;, os.name: &apos;Mac OS X&apos;, os.arch: &apos;x86_64&apos;, os.version: &apos;10.12.5&apos;, java.version: &apos;1.8.0_131&apos;
Driver info: driver.version: AppiumDriver
	at org.openqa.selenium.remote.HttpCommandExecutor.execute(HttpCommandExecutor.java:134)
	at org.openqa.selenium.remote.RemoteWebDriver.execute(RemoteWebDriver.java:620)
	at io.appium.java_client.AppiumDriver.execute(AppiumDriver.java:180)
	at io.appium.java_client.AppiumDriver.execute(AppiumDriver.java:185)
	at io.appium.java_client.AppiumDriver.getContext(AppiumDriver.java:546)
	at com.codoon.common.util.DeviceHelper.pressBackToHomePage(DeviceHelper.java:397)
	at com.codoon.test.DrycargoTest.tearDown(DrycargoTest.java:42)
... Removed 25 stack frames</pre></div><a href='#' onClick='toggleBox("stack-trace1551629761", this, "Click to show all stack frames", "Click to hide stack frames")'>Click to show all stack frames</a>
<div class='stack-trace' id='stack-trace1551629761'><pre>org.openqa.selenium.remote.SessionNotFoundException: Session ID is null. Using WebDriver after calling quit()?
Build info: version: &apos;2.48.2&apos;, revision: &apos;41bccdd10cf2c0560f637404c2d96164b67d9d67&apos;, time: &apos;2015-10-09 13:08:06&apos;
System info: host: &apos;MrdeMacBook-Pro.local&apos;, ip: &apos;192.168.10.123&apos;, os.name: &apos;Mac OS X&apos;, os.arch: &apos;x86_64&apos;, os.version: &apos;10.12.5&apos;, java.version: &apos;1.8.0_131&apos;
Driver info: driver.version: AppiumDriver
	at org.openqa.selenium.remote.HttpCommandExecutor.execute(HttpCommandExecutor.java:134)
	at org.openqa.selenium.remote.RemoteWebDriver.execute(RemoteWebDriver.java:620)
	at io.appium.java_client.AppiumDriver.execute(AppiumDriver.java:180)
	at io.appium.java_client.AppiumDriver.execute(AppiumDriver.java:185)
	at io.appium.java_client.AppiumDriver.getContext(AppiumDriver.java:546)
	at com.codoon.common.util.DeviceHelper.pressBackToHomePage(DeviceHelper.java:397)
	at com.codoon.test.DrycargoTest.tearDown(DrycargoTest.java:42)
	at sun.reflect.NativeMethodAccessorImpl.invoke0(Native Method)
	at sun.reflect.NativeMethodAccessorImpl.invoke(NativeMethodAccessorImpl.java:62)
	at sun.reflect.DelegatingMethodAccessorImpl.invoke(DelegatingMethodAccessorImpl.java:43)
	at java.lang.reflect.Method.invoke(Method.java:498)
	at org.testng.internal.MethodInvocationHelper.invokeMethod(MethodInvocationHelper.java:85)
	at org.testng.internal.Invoker.invokeConfigurationMethod(Invoker.java:517)
	at org.testng.internal.Invoker.invokeConfigurations(Invoker.java:213)
	at org.testng.internal.Invoker.invokeMethod(Invoker.java:732)
	at org.testng.internal.Invoker.invokeTestMethod(Invoker.java:845)
	at org.testng.internal.Invoker.invokeTestMethods(Invoker.java:1153)
	at org.testng.internal.TestMethodWorker.invokeTestMethods(TestMethodWorker.java:125)
	at org.testng.internal.TestMethodWorker.run(TestMethodWorker.java:108)
	at org.testng.TestRunner.privateRun(TestRunner.java:771)
	at org.testng.TestRunner.run(TestRunner.java:621)
	at org.testng.SuiteRunner.runTest(SuiteRunner.java:357)
	at org.testng.SuiteRunner.runSequentially(SuiteRunner.java:352)
	at org.testng.SuiteRunner.privateRun(SuiteRunner.java:310)
	at org.testng.SuiteRunner.run(SuiteRunner.java:259)
	at org.testng.SuiteRunnerWorker.runSuite(SuiteRunnerWorker.java:52)
	at org.testng.SuiteRunnerWorker.run(SuiteRunnerWorker.java:86)
	at org.testng.TestNG.runSuitesSequentially(TestNG.java:1199)
	at org.testng.TestNG.runSuitesLocally(TestNG.java:1124)
	at org.testng.TestNG.run(TestNG.java:1032)
	at org.testng.IDEARemoteTestNG.run(IDEARemoteTestNG.java:72)
	at org.testng.RemoteTestNGStarter.main(RemoteTestNGStarter.java:123)
</pre></div></td>
<td>0</td>
<td>com.codoon.test.DrycargoTest@6adede5</td></tr>
<tr>
<td title='com.codoon.test.DrycargoTest.tearDown()'><b>tearDown</b><br>Test class: com.codoon.test.DrycargoTest</td>
<td><div><pre>org.openqa.selenium.remote.SessionNotFoundException: Session ID is null. Using WebDriver after calling quit()?
Build info: version: &apos;2.48.2&apos;, revision: &apos;41bccdd10cf2c0560f637404c2d96164b67d9d67&apos;, time: &apos;2015-10-09 13:08:06&apos;
System info: host: &apos;MrdeMacBook-Pro.local&apos;, ip: &apos;192.168.10.123&apos;, os.name: &apos;Mac OS X&apos;, os.arch: &apos;x86_64&apos;, os.version: &apos;10.12.5&apos;, java.version: &apos;1.8.0_131&apos;
Driver info: driver.version: AppiumDriver
	at org.openqa.selenium.remote.HttpCommandExecutor.execute(HttpCommandExecutor.java:134)
	at org.openqa.selenium.remote.RemoteWebDriver.execute(RemoteWebDriver.java:620)
	at io.appium.java_client.AppiumDriver.execute(AppiumDriver.java:180)
	at io.appium.java_client.AppiumDriver.execute(AppiumDriver.java:185)
	at io.appium.java_client.AppiumDriver.getContext(AppiumDriver.java:546)
	at com.codoon.common.util.DeviceHelper.pressBackToHomePage(DeviceHelper.java:397)
	at com.codoon.test.DrycargoTest.tearDown(DrycargoTest.java:42)
... Removed 25 stack frames</pre></div><a href='#' onClick='toggleBox("stack-trace462526099", this, "Click to show all stack frames", "Click to hide stack frames")'>Click to show all stack frames</a>
<div class='stack-trace' id='stack-trace462526099'><pre>org.openqa.selenium.remote.SessionNotFoundException: Session ID is null. Using WebDriver after calling quit()?
Build info: version: &apos;2.48.2&apos;, revision: &apos;41bccdd10cf2c0560f637404c2d96164b67d9d67&apos;, time: &apos;2015-10-09 13:08:06&apos;
System info: host: &apos;MrdeMacBook-Pro.local&apos;, ip: &apos;192.168.10.123&apos;, os.name: &apos;Mac OS X&apos;, os.arch: &apos;x86_64&apos;, os.version: &apos;10.12.5&apos;, java.version: &apos;1.8.0_131&apos;
Driver info: driver.version: AppiumDriver
	at org.openqa.selenium.remote.HttpCommandExecutor.execute(HttpCommandExecutor.java:134)
	at org.openqa.selenium.remote.RemoteWebDriver.execute(RemoteWebDriver.java:620)
	at io.appium.java_client.AppiumDriver.execute(AppiumDriver.java:180)
	at io.appium.java_client.AppiumDriver.execute(AppiumDriver.java:185)
	at io.appium.java_client.AppiumDriver.getContext(AppiumDriver.java:546)
	at com.codoon.common.util.DeviceHelper.pressBackToHomePage(DeviceHelper.java:397)
	at com.codoon.test.DrycargoTest.tearDown(DrycargoTest.java:42)
	at sun.reflect.NativeMethodAccessorImpl.invoke0(Native Method)
	at sun.reflect.NativeMethodAccessorImpl.invoke(NativeMethodAccessorImpl.java:62)
	at sun.reflect.DelegatingMethodAccessorImpl.invoke(DelegatingMethodAccessorImpl.java:43)
	at java.lang.reflect.Method.invoke(Method.java:498)
	at org.testng.internal.MethodInvocationHelper.invokeMethod(MethodInvocationHelper.java:85)
	at org.testng.internal.Invoker.invokeConfigurationMethod(Invoker.java:517)
	at org.testng.internal.Invoker.invokeConfigurations(Invoker.java:213)
	at org.testng.internal.Invoker.invokeMethod(Invoker.java:732)
	at org.testng.internal.Invoker.invokeTestMethod(Invoker.java:845)
	at org.testng.internal.Invoker.invokeTestMethods(Invoker.java:1153)
	at org.testng.internal.TestMethodWorker.invokeTestMethods(TestMethodWorker.java:125)
	at org.testng.internal.TestMethodWorker.run(TestMethodWorker.java:108)
	at org.testng.TestRunner.privateRun(TestRunner.java:771)
	at org.testng.TestRunner.run(TestRunner.java:621)
	at org.testng.SuiteRunner.runTest(SuiteRunner.java:357)
	at org.testng.SuiteRunner.runSequentially(SuiteRunner.java:352)
	at org.testng.SuiteRunner.privateRun(SuiteRunner.java:310)
	at org.testng.SuiteRunner.run(SuiteRunner.java:259)
	at org.testng.SuiteRunnerWorker.runSuite(SuiteRunnerWorker.java:52)
	at org.testng.SuiteRunnerWorker.run(SuiteRunnerWorker.java:86)
	at org.testng.TestNG.runSuitesSequentially(TestNG.java:1199)
	at org.testng.TestNG.runSuitesLocally(TestNG.java:1124)
	at org.testng.TestNG.run(TestNG.java:1032)
	at org.testng.IDEARemoteTestNG.run(IDEARemoteTestNG.java:72)
	at org.testng.RemoteTestNGStarter.main(RemoteTestNGStarter.java:123)
</pre></div></td>
<td>0</td>
<td>com.codoon.test.DrycargoTest@6adede5</td></tr>
<tr>
<td title='com.codoon.test.DrycargoTest.tearDown()'><b>tearDown</b><br>Test class: com.codoon.test.DrycargoTest</td>
<td><div><pre>org.openqa.selenium.remote.SessionNotFoundException: Session ID is null. Using WebDriver after calling quit()?
Build info: version: &apos;2.48.2&apos;, revision: &apos;41bccdd10cf2c0560f637404c2d96164b67d9d67&apos;, time: &apos;2015-10-09 13:08:06&apos;
System info: host: &apos;MrdeMacBook-Pro.local&apos;, ip: &apos;192.168.10.123&apos;, os.name: &apos;Mac OS X&apos;, os.arch: &apos;x86_64&apos;, os.version: &apos;10.12.5&apos;, java.version: &apos;1.8.0_131&apos;
Driver info: driver.version: AppiumDriver
	at org.openqa.selenium.remote.HttpCommandExecutor.execute(HttpCommandExecutor.java:134)
	at org.openqa.selenium.remote.RemoteWebDriver.execute(RemoteWebDriver.java:620)
	at io.appium.java_client.AppiumDriver.execute(AppiumDriver.java:180)
	at io.appium.java_client.AppiumDriver.execute(AppiumDriver.java:185)
	at io.appium.java_client.AppiumDriver.getContext(AppiumDriver.java:546)
	at com.codoon.common.util.DeviceHelper.pressBackToHomePage(DeviceHelper.java:397)
	at com.codoon.test.DrycargoTest.tearDown(DrycargoTest.java:42)
... Removed 25 stack frames</pre></div><a href='#' onClick='toggleBox("stack-trace2113748097", this, "Click to show all stack frames", "Click to hide stack frames")'>Click to show all stack frames</a>
<div class='stack-trace' id='stack-trace2113748097'><pre>org.openqa.selenium.remote.SessionNotFoundException: Session ID is null. Using WebDriver after calling quit()?
Build info: version: &apos;2.48.2&apos;, revision: &apos;41bccdd10cf2c0560f637404c2d96164b67d9d67&apos;, time: &apos;2015-10-09 13:08:06&apos;
System info: host: &apos;MrdeMacBook-Pro.local&apos;, ip: &apos;192.168.10.123&apos;, os.name: &apos;Mac OS X&apos;, os.arch: &apos;x86_64&apos;, os.version: &apos;10.12.5&apos;, java.version: &apos;1.8.0_131&apos;
Driver info: driver.version: AppiumDriver
	at org.openqa.selenium.remote.HttpCommandExecutor.execute(HttpCommandExecutor.java:134)
	at org.openqa.selenium.remote.RemoteWebDriver.execute(RemoteWebDriver.java:620)
	at io.appium.java_client.AppiumDriver.execute(AppiumDriver.java:180)
	at io.appium.java_client.AppiumDriver.execute(AppiumDriver.java:185)
	at io.appium.java_client.AppiumDriver.getContext(AppiumDriver.java:546)
	at com.codoon.common.util.DeviceHelper.pressBackToHomePage(DeviceHelper.java:397)
	at com.codoon.test.DrycargoTest.tearDown(DrycargoTest.java:42)
	at sun.reflect.NativeMethodAccessorImpl.invoke0(Native Method)
	at sun.reflect.NativeMethodAccessorImpl.invoke(NativeMethodAccessorImpl.java:62)
	at sun.reflect.DelegatingMethodAccessorImpl.invoke(DelegatingMethodAccessorImpl.java:43)
	at java.lang.reflect.Method.invoke(Method.java:498)
	at org.testng.internal.MethodInvocationHelper.invokeMethod(MethodInvocationHelper.java:85)
	at org.testng.internal.Invoker.invokeConfigurationMethod(Invoker.java:517)
	at org.testng.internal.Invoker.invokeConfigurations(Invoker.java:213)
	at org.testng.internal.Invoker.invokeMethod(Invoker.java:732)
	at org.testng.internal.Invoker.invokeTestMethod(Invoker.java:845)
	at org.testng.internal.Invoker.invokeTestMethods(Invoker.java:1153)
	at org.testng.internal.TestMethodWorker.invokeTestMethods(TestMethodWorker.java:125)
	at org.testng.internal.TestMethodWorker.run(TestMethodWorker.java:108)
	at org.testng.TestRunner.privateRun(TestRunner.java:771)
	at org.testng.TestRunner.run(TestRunner.java:621)
	at org.testng.SuiteRunner.runTest(SuiteRunner.java:357)
	at org.testng.SuiteRunner.runSequentially(SuiteRunner.java:352)
	at org.testng.SuiteRunner.privateRun(SuiteRunner.java:310)
	at org.testng.SuiteRunner.run(SuiteRunner.java:259)
	at org.testng.SuiteRunnerWorker.runSuite(SuiteRunnerWorker.java:52)
	at org.testng.SuiteRunnerWorker.run(SuiteRunnerWorker.java:86)
	at org.testng.TestNG.runSuitesSequentially(TestNG.java:1199)
	at org.testng.TestNG.runSuitesLocally(TestNG.java:1124)
	at org.testng.TestNG.run(TestNG.java:1032)
	at org.testng.IDEARemoteTestNG.run(IDEARemoteTestNG.java:72)
	at org.testng.RemoteTestNGStarter.main(RemoteTestNGStarter.java:123)
</pre></div></td>
<td>0</td>
<td>com.codoon.test.DrycargoTest@6adede5</td></tr>
</table><p>
<table width='100%' border='1' class='invocation-skipped'>
<tr><td colspan='4' align='center'><b>SKIPPED CONFIGURATIONS</b></td></tr>
<tr><td><b>Test method</b></td>
<td width="30%"><b>Exception</b></td>
<td width="10%"><b>Time (seconds)</b></td>
<td><b>Instance</b></td>
</tr>
<tr>
<td title='com.codoon.test.DrycargoTest.setUpClass()'><b>setUpClass</b><br>Test class: com.codoon.test.DrycargoTest</td>
<td></td>
<td>0</td>
<td>com.codoon.test.DrycargoTest@6adede5</td></tr>
<tr>
<td title='com.codoon.test.SportCircleTest.setUp()'><b>setUp</b><br>Test class: com.codoon.test.SportCircleTest</td>
<td></td>
<td>0</td>
<td>com.codoon.test.SportCircleTest@56ef9176</td></tr>
<tr>
<td title='com.codoon.test.SportCircleTest.setUp()'><b>setUp</b><br>Test class: com.codoon.test.SportCircleTest</td>
<td></td>
<td>0</td>
<td>com.codoon.test.SportCircleTest@56ef9176</td></tr>
<tr>
<td title='com.codoon.test.SportCircleTest.setUp()'><b>setUp</b><br>Test class: com.codoon.test.SportCircleTest</td>
<td></td>
<td>0</td>
<td>com.codoon.test.SportCircleTest@56ef9176</td></tr>
<tr>
<td title='com.codoon.test.SportCircleTest.setUp()'><b>setUp</b><br>Test class: com.codoon.test.SportCircleTest</td>
<td></td>
<td>0</td>
<td>com.codoon.test.SportCircleTest@56ef9176</td></tr>
<tr>
<td title='com.codoon.test.SportCircleTest.setUp()'><b>setUp</b><br>Test class: com.codoon.test.SportCircleTest</td>
<td></td>
<td>0</td>
<td>com.codoon.test.SportCircleTest@56ef9176</td></tr>
<tr>
<td title='com.codoon.test.SportCircleTest.setUp()'><b>setUp</b><br>Test class: com.codoon.test.SportCircleTest</td>
<td></td>
<td>0</td>
<td>com.codoon.test.SportCircleTest@56ef9176</td></tr>
<tr>
<td title='com.codoon.test.SportCircleTest.setUp()'><b>setUp</b><br>Test class: com.codoon.test.SportCircleTest</td>
<td></td>
<td>0</td>
<td>com.codoon.test.SportCircleTest@56ef9176</td></tr>
<tr>
<td title='com.codoon.test.SportCircleTest.setUp()'><b>setUp</b><br>Test class: com.codoon.test.SportCircleTest</td>
<td></td>
<td>0</td>
<td>com.codoon.test.SportCircleTest@56ef9176</td></tr>
<tr>
<td title='com.codoon.test.SportCircleTest.setUp()'><b>setUp</b><br>Test class: com.codoon.test.SportCircleTest</td>
<td></td>
<td>0</td>
<td>com.codoon.test.SportCircleTest@56ef9176</td></tr>
<tr>
<td title='com.codoon.test.SportCircleTest.setUp()'><b>setUp</b><br>Test class: com.codoon.test.SportCircleTest</td>
<td></td>
<td>0</td>
<td>com.codoon.test.SportCircleTest@56ef9176</td></tr>
<tr>
<td title='com.codoon.test.SportCircleTest.setUp()'><b>setUp</b><br>Test class: com.codoon.test.SportCircleTest</td>
<td></td>
<td>0</td>
<td>com.codoon.test.SportCircleTest@56ef9176</td></tr>
<tr>
<td title='com.codoon.test.SportCircleTest.setUp()'><b>setUp</b><br>Test class: com.codoon.test.SportCircleTest</td>
<td></td>
<td>0</td>
<td>com.codoon.test.SportCircleTest@56ef9176</td></tr>
<tr>
<td title='com.codoon.test.SportCircleTest.setUp()'><b>setUp</b><br>Test class: com.codoon.test.SportCircleTest</td>
<td></td>
<td>0</td>
<td>com.codoon.test.SportCircleTest@56ef9176</td></tr>
<tr>
<td title='com.codoon.test.SportCircleTest.setUp()'><b>setUp</b><br>Test class: com.codoon.test.SportCircleTest</td>
<td></td>
<td>0</td>
<td>com.codoon.test.SportCircleTest@56ef9176</td></tr>
<tr>
<td title='com.codoon.test.SportCircleTest.setUp()'><b>setUp</b><br>Test class: com.codoon.test.SportCircleTest</td>
<td></td>
<td>0</td>
<td>com.codoon.test.SportCircleTest@56ef9176</td></tr>
<tr>
<td title='com.codoon.test.SportCircleTest.setUp()'><b>setUp</b><br>Test class: com.codoon.test.SportCircleTest</td>
<td></td>
<td>0</td>
<td>com.codoon.test.SportCircleTest@56ef9176</td></tr>
<tr>
<td title='com.codoon.test.SportCircleTest.setUp()'><b>setUp</b><br>Test class: com.codoon.test.SportCircleTest</td>
<td></td>
<td>0</td>
<td>com.codoon.test.SportCircleTest@56ef9176</td></tr>
<tr>
<td title='com.codoon.test.SportCircleTest.setUp()'><b>setUp</b><br>Test class: com.codoon.test.SportCircleTest</td>
<td></td>
<td>0</td>
<td>com.codoon.test.SportCircleTest@56ef9176</td></tr>
<tr>
<td title='com.codoon.test.SportCircleTest.setUp()'><b>setUp</b><br>Test class: com.codoon.test.SportCircleTest</td>
<td></td>
<td>0</td>
<td>com.codoon.test.SportCircleTest@56ef9176</td></tr>
<tr>
<td title='com.codoon.test.SportCircleTest.setUp()'><b>setUp</b><br>Test class: com.codoon.test.SportCircleTest</td>
<td></td>
<td>0</td>
<td>com.codoon.test.SportCircleTest@56ef9176</td></tr>
<tr>
<td title='com.codoon.test.SportCircleTest.setUp()'><b>setUp</b><br>Test class: com.codoon.test.SportCircleTest</td>
<td></td>
<td>0</td>
<td>com.codoon.test.SportCircleTest@56ef9176</td></tr>
<tr>
<td title='com.codoon.test.SportCircleTest.setUp()'><b>setUp</b><br>Test class: com.codoon.test.SportCircleTest</td>
<td></td>
<td>0</td>
<td>com.codoon.test.SportCircleTest@56ef9176</td></tr>
<tr>
<td title='com.codoon.test.SportCircleTest.setUp()'><b>setUp</b><br>Test class: com.codoon.test.SportCircleTest</td>
<td></td>
<td>0</td>
<td>com.codoon.test.SportCircleTest@56ef9176</td></tr>
<tr>
<td title='com.codoon.test.SportCircleTest.setUp()'><b>setUp</b><br>Test class: com.codoon.test.SportCircleTest</td>
<td></td>
<td>0</td>
<td>com.codoon.test.SportCircleTest@56ef9176</td></tr>
<tr>
<td title='com.codoon.test.DrycargoTest.setUp()'><b>setUp</b><br>Test class: com.codoon.test.DrycargoTest</td>
<td></td>
<td>0</td>
<td>com.codoon.test.DrycargoTest@6adede5</td></tr>
<tr>
<td title='com.codoon.test.DrycargoTest.setUp()'><b>setUp</b><br>Test class: com.codoon.test.DrycargoTest</td>
<td></td>
<td>0</td>
<td>com.codoon.test.DrycargoTest@6adede5</td></tr>
<tr>
<td title='com.codoon.test.DrycargoTest.setUp()'><b>setUp</b><br>Test class: com.codoon.test.DrycargoTest</td>
<td></td>
<td>0</td>
<td>com.codoon.test.DrycargoTest@6adede5</td></tr>
<tr>
<td title='com.codoon.test.DrycargoTest.setUp()'><b>setUp</b><br>Test class: com.codoon.test.DrycargoTest</td>
<td></td>
<td>0</td>
<td>com.codoon.test.DrycargoTest@6adede5</td></tr>
<tr>
<td title='com.codoon.test.DrycargoTest.setUp()'><b>setUp</b><br>Test class: com.codoon.test.DrycargoTest</td>
<td></td>
<td>0</td>
<td>com.codoon.test.DrycargoTest@6adede5</td></tr>
<tr>
<td title='com.codoon.test.DrycargoTest.setUp()'><b>setUp</b><br>Test class: com.codoon.test.DrycargoTest</td>
<td></td>
<td>0</td>
<td>com.codoon.test.DrycargoTest@6adede5</td></tr>
<tr>
<td title='com.codoon.test.DrycargoTest.setUp()'><b>setUp</b><br>Test class: com.codoon.test.DrycargoTest</td>
<td></td>
<td>0</td>
<td>com.codoon.test.DrycargoTest@6adede5</td></tr>
<tr>
<td title='com.codoon.test.DrycargoTest.setUp()'><b>setUp</b><br>Test class: com.codoon.test.DrycargoTest</td>
<td></td>
<td>0</td>
<td>com.codoon.test.DrycargoTest@6adede5</td></tr>
<tr>
<td title='com.codoon.test.DrycargoTest.setUp()'><b>setUp</b><br>Test class: com.codoon.test.DrycargoTest</td>
<td></td>
<td>0</td>
<td>com.codoon.test.DrycargoTest@6adede5</td></tr>
<tr>
<td title='com.codoon.test.DrycargoTest.setUp()'><b>setUp</b><br>Test class: com.codoon.test.DrycargoTest</td>
<td></td>
<td>0</td>
<td>com.codoon.test.DrycargoTest@6adede5</td></tr>
<tr>
<td title='com.codoon.test.DrycargoTest.setUp()'><b>setUp</b><br>Test class: com.codoon.test.DrycargoTest</td>
<td></td>
<td>0</td>
<td>com.codoon.test.DrycargoTest@6adede5</td></tr>
<tr>
<td title='com.codoon.test.DrycargoTest.setUp()'><b>setUp</b><br>Test class: com.codoon.test.DrycargoTest</td>
<td></td>
<td>0</td>
<td>com.codoon.test.DrycargoTest@6adede5</td></tr>
</table><p>
<table width='100%' border='1' class='invocation-skipped'>
<tr><td colspan='4' align='center'><b>SKIPPED TESTS</b></td></tr>
<tr><td><b>Test method</b></td>
<td width="30%"><b>Exception</b></td>
<td width="10%"><b>Time (seconds)</b></td>
<td><b>Instance</b></td>
</tr>
<tr>
<td title='com.codoon.test.SportCircleTest.test001()'><b>test001</b><br>Test class: com.codoon.test.SportCircleTest</td>
<td></td>
<td>0</td>
<td>com.codoon.test.SportCircleTest@56ef9176</td></tr>
<tr>
<td title='com.codoon.test.DrycargoTest.test001()'><b>test001</b><br>Test class: com.codoon.test.DrycargoTest</td>
<td></td>
<td>0</td>
<td>com.codoon.test.DrycargoTest@6adede5</td></tr>
<tr>
<td title='com.codoon.test.SportCircleTest.test002()'><b>test002</b><br>Test class: com.codoon.test.SportCircleTest</td>
<td></td>
<td>0</td>
<td>com.codoon.test.SportCircleTest@56ef9176</td></tr>
<tr>
<td title='com.codoon.test.DrycargoTest.test002()'><b>test002</b><br>Test class: com.codoon.test.DrycargoTest</td>
<td></td>
<td>0</td>
<td>com.codoon.test.DrycargoTest@6adede5</td></tr>
<tr>
<td title='com.codoon.test.SportCircleTest.test003()'><b>test003</b><br>Test class: com.codoon.test.SportCircleTest</td>
<td></td>
<td>0</td>
<td>com.codoon.test.SportCircleTest@56ef9176</td></tr>
<tr>
<td title='com.codoon.test.DrycargoTest.test003()'><b>test003</b><br>Test class: com.codoon.test.DrycargoTest</td>
<td></td>
<td>0</td>
<td>com.codoon.test.DrycargoTest@6adede5</td></tr>
<tr>
<td title='com.codoon.test.SportCircleTest.test004()'><b>test004</b><br>Test class: com.codoon.test.SportCircleTest</td>
<td></td>
<td>0</td>
<td>com.codoon.test.SportCircleTest@56ef9176</td></tr>
<tr>
<td title='com.codoon.test.DrycargoTest.test004()'><b>test004</b><br>Test class: com.codoon.test.DrycargoTest</td>
<td></td>
<td>0</td>
<td>com.codoon.test.DrycargoTest@6adede5</td></tr>
<tr>
<td title='com.codoon.test.SportCircleTest.test005()'><b>test005</b><br>Test class: com.codoon.test.SportCircleTest</td>
<td></td>
<td>0</td>
<td>com.codoon.test.SportCircleTest@56ef9176</td></tr>
<tr>
<td title='com.codoon.test.DrycargoTest.test005()'><b>test005</b><br>Test class: com.codoon.test.DrycargoTest</td>
<td></td>
<td>0</td>
<td>com.codoon.test.DrycargoTest@6adede5</td></tr>
<tr>
<td title='com.codoon.test.SportCircleTest.test006()'><b>test006</b><br>Test class: com.codoon.test.SportCircleTest</td>
<td></td>
<td>0</td>
<td>com.codoon.test.SportCircleTest@56ef9176</td></tr>
<tr>
<td title='com.codoon.test.DrycargoTest.test006()'><b>test006</b><br>Test class: com.codoon.test.DrycargoTest</td>
<td></td>
<td>0</td>
<td>com.codoon.test.DrycargoTest@6adede5</td></tr>
<tr>
<td title='com.codoon.test.SportCircleTest.test007()'><b>test007</b><br>Test class: com.codoon.test.SportCircleTest</td>
<td></td>
<td>0</td>
<td>com.codoon.test.SportCircleTest@56ef9176</td></tr>
<tr>
<td title='com.codoon.test.DrycargoTest.test007()'><b>test007</b><br>Test class: com.codoon.test.DrycargoTest</td>
<td></td>
<td>0</td>
<td>com.codoon.test.DrycargoTest@6adede5</td></tr>
<tr>
<td title='com.codoon.test.SportCircleTest.test008()'><b>test008</b><br>Test class: com.codoon.test.SportCircleTest</td>
<td></td>
<td>0</td>
<td>com.codoon.test.SportCircleTest@56ef9176</td></tr>
<tr>
<td title='com.codoon.test.DrycargoTest.test008()'><b>test008</b><br>Test class: com.codoon.test.DrycargoTest</td>
<td></td>
<td>0</td>
<td>com.codoon.test.DrycargoTest@6adede5</td></tr>
<tr>
<td title='com.codoon.test.DrycargoTest.test009()'><b>test009</b><br>Test class: com.codoon.test.DrycargoTest</td>
<td></td>
<td>0</td>
<td>com.codoon.test.DrycargoTest@6adede5</td></tr>
<tr>
<td title='com.codoon.test.SportCircleTest.test010()'><b>test010</b><br>Test class: com.codoon.test.SportCircleTest</td>
<td></td>
<td>0</td>
<td>com.codoon.test.SportCircleTest@56ef9176</td></tr>
<tr>
<td title='com.codoon.test.DrycargoTest.test010()'><b>test010</b><br>Test class: com.codoon.test.DrycargoTest</td>
<td></td>
<td>0</td>
<td>com.codoon.test.DrycargoTest@6adede5</td></tr>
<tr>
<td title='com.codoon.test.SportCircleTest.test011()'><b>test011</b><br>Test class: com.codoon.test.SportCircleTest</td>
<td></td>
<td>0</td>
<td>com.codoon.test.SportCircleTest@56ef9176</td></tr>
<tr>
<td title='com.codoon.test.DrycargoTest.test011()'><b>test011</b><br>Test class: com.codoon.test.DrycargoTest</td>
<td></td>
<td>0</td>
<td>com.codoon.test.DrycargoTest@6adede5</td></tr>
<tr>
<td title='com.codoon.test.SportCircleTest.test012()'><b>test012</b><br>Test class: com.codoon.test.SportCircleTest</td>
<td></td>
<td>0</td>
<td>com.codoon.test.SportCircleTest@56ef9176</td></tr>
<tr>
<td title='com.codoon.test.DrycargoTest.test012()'><b>test012</b><br>Test class: com.codoon.test.DrycargoTest</td>
<td></td>
<td>0</td>
<td>com.codoon.test.DrycargoTest@6adede5</td></tr>
<tr>
<td title='com.codoon.test.SportCircleTest.test013()'><b>test013</b><br>Test class: com.codoon.test.SportCircleTest</td>
<td></td>
<td>0</td>
<td>com.codoon.test.SportCircleTest@56ef9176</td></tr>
<tr>
<td title='com.codoon.test.SportCircleTest.test014()'><b>test014</b><br>Test class: com.codoon.test.SportCircleTest</td>
<td></td>
<td>0</td>
<td>com.codoon.test.SportCircleTest@56ef9176</td></tr>
<tr>
<td title='com.codoon.test.SportCircleTest.test015()'><b>test015</b><br>Test class: com.codoon.test.SportCircleTest</td>
<td></td>
<td>0</td>
<td>com.codoon.test.SportCircleTest@56ef9176</td></tr>
<tr>
<td title='com.codoon.test.SportCircleTest.test016()'><b>test016</b><br>Test class: com.codoon.test.SportCircleTest</td>
<td></td>
<td>0</td>
<td>com.codoon.test.SportCircleTest@56ef9176</td></tr>
<tr>
<td title='com.codoon.test.SportCircleTest.test017()'><b>test017</b><br>Test class: com.codoon.test.SportCircleTest</td>
<td></td>
<td>0</td>
<td>com.codoon.test.SportCircleTest@56ef9176</td></tr>
<tr>
<td title='com.codoon.test.SportCircleTest.test018()'><b>test018</b><br>Test class: com.codoon.test.SportCircleTest</td>
<td></td>
<td>0</td>
<td>com.codoon.test.SportCircleTest@56ef9176</td></tr>
<tr>
<td title='com.codoon.test.SportCircleTest.test019()'><b>test019</b><br>Test class: com.codoon.test.SportCircleTest</td>
<td></td>
<td>0</td>
<td>com.codoon.test.SportCircleTest@56ef9176</td></tr>
<tr>
<td title='com.codoon.test.SportCircleTest.test020()'><b>test020</b><br>Test class: com.codoon.test.SportCircleTest</td>
<td></td>
<td>0</td>
<td>com.codoon.test.SportCircleTest@56ef9176</td></tr>
<tr>
<td title='com.codoon.test.SportCircleTest.test021()'><b>test021</b><br>Test class: com.codoon.test.SportCircleTest</td>
<td></td>
<td>0</td>
<td>com.codoon.test.SportCircleTest@56ef9176</td></tr>
<tr>
<td title='com.codoon.test.SportCircleTest.test022()'><b>test022</b><br>Test class: com.codoon.test.SportCircleTest</td>
<td></td>
<td>0</td>
<td>com.codoon.test.SportCircleTest@56ef9176</td></tr>
<tr>
<td title='com.codoon.test.SportCircleTest.test023()'><b>test023</b><br>Test class: com.codoon.test.SportCircleTest</td>
<td></td>
<td>0</td>
<td>com.codoon.test.SportCircleTest@56ef9176</td></tr>
<tr>
<td title='com.codoon.test.SportCircleTest.test024()'><b>test024</b><br>Test class: com.codoon.test.SportCircleTest</td>
<td></td>
<td>0</td>
<td>com.codoon.test.SportCircleTest@56ef9176</td></tr>
<tr>
<td title='com.codoon.test.SportCircleTest.test025()'><b>test025</b><br>Test class: com.codoon.test.SportCircleTest</td>
<td></td>
<td>0</td>
<td>com.codoon.test.SportCircleTest@56ef9176</td></tr>
<tr>
<td title='com.codoon.test.SportCircleTest.test026()'><b>test026</b><br>Test class: com.codoon.test.SportCircleTest</td>
<td></td>
<td>0</td>
<td>com.codoon.test.SportCircleTest@56ef9176</td></tr>
</table><p>
</body>
</html>