<?xml version="1.0" encoding="UTF-8"?>
<!-- Generated by org.testng.reporters.JUnitReportReporter -->
<testsuite hostname="MrdeMacBook-Pro.local" name="com.codoon.test.DrycargoTest" tests="12" failures="0" timestamp="11 Oct 2017 09:29:24 GMT" time="245.147" errors="5">
  <testcase name="test007" time="14.226" classname="com.codoon.test.DrycargoTest"/>
  <testcase name="test010" time="7.171" classname="com.codoon.test.DrycargoTest">
    <error type="org.openqa.selenium.remote.SessionNotFoundException" message="A session is either terminated or not started (WARNING: The server did not provide any stacktrace information)
Command duration or timeout: 4 milliseconds
Build info: version: &#039;2.48.2&#039;, revision: &#039;41bccdd10cf2c0560f637404c2d96164b67d9d67&#039;, time: &#039;2015-10-09 13:08:06&#039;
System info: host: &#039;MrdeMacBook-Pro.local&#039;, ip: &#039;192.168.10.123&#039;, os.name: &#039;Mac OS X&#039;, os.arch: &#039;x86_64&#039;, os.version: &#039;10.12.5&#039;, java.version: &#039;1.8.0_131&#039;
Driver info: io.driver.SikuppiumDriver
Capabilities [{appPackage=com.codoon.gps, networkConnectionEnabled=true, recreateChromeDriverSessions=true, warnings={}, databaseEnabled=false, deviceName=125683fc, platform=LINUX, deviceUDID=125683fc, appActivity=.ui.SlideActivity, desired={appPackage=com.codoon.gps, appActivity=.ui.SlideActivity, recreateChromeDriverSessions=true, platformVersion=6.0.1, automationName=Appium, unicodeKeyboard=true, sessionOverride=true, platformName=Android, deviceName=125683fc, resetKeyboard=true, unexpectedAlertBehaviour=accept}, platformVersion=6.0.1, webStorageEnabled=false, locationContextEnabled=false, automationName=Appium, takesScreenshot=true, javascriptEnabled=true, unicodeKeyboard=true, sessionOverride=true, platformName=Android, resetKeyboard=true, unexpectedAlertBehaviour=accept}]
Session ID: 3c066ddf-9efa-4bbe-918a-eb5ba67c131d">
      <![CDATA[org.openqa.selenium.remote.SessionNotFoundException: A session is either terminated or not started (WARNING: The server did not provide any stacktrace information)
Command duration or timeout: 4 milliseconds
Build info: version: '2.48.2', revision: '41bccdd10cf2c0560f637404c2d96164b67d9d67', time: '2015-10-09 13:08:06'
System info: host: 'MrdeMacBook-Pro.local', ip: '192.168.10.123', os.name: 'Mac OS X', os.arch: 'x86_64', os.version: '10.12.5', java.version: '1.8.0_131'
Driver info: io.driver.SikuppiumDriver
Capabilities [{appPackage=com.codoon.gps, networkConnectionEnabled=true, recreateChromeDriverSessions=true, warnings={}, databaseEnabled=false, deviceName=125683fc, platform=LINUX, deviceUDID=125683fc, appActivity=.ui.SlideActivity, desired={appPackage=com.codoon.gps, appActivity=.ui.SlideActivity, recreateChromeDriverSessions=true, platformVersion=6.0.1, automationName=Appium, unicodeKeyboard=true, sessionOverride=true, platformName=Android, deviceName=125683fc, resetKeyboard=true, unexpectedAlertBehaviour=accept}, platformVersion=6.0.1, webStorageEnabled=false, locationContextEnabled=false, automationName=Appium, takesScreenshot=true, javascriptEnabled=true, unicodeKeyboard=true, sessionOverride=true, platformName=Android, resetKeyboard=true, unexpectedAlertBehaviour=accept}]
Session ID: 3c066ddf-9efa-4bbe-918a-eb5ba67c131d
	at sun.reflect.NativeConstructorAccessorImpl.newInstance0(Native Method)
	at sun.reflect.NativeConstructorAccessorImpl.newInstance(NativeConstructorAccessorImpl.java:62)
	at sun.reflect.DelegatingConstructorAccessorImpl.newInstance(DelegatingConstructorAccessorImpl.java:45)
	at java.lang.reflect.Constructor.newInstance(Constructor.java:423)
	at org.openqa.selenium.remote.ErrorHandler.createThrowable(ErrorHandler.java:206)
	at org.openqa.selenium.remote.ErrorHandler.throwIfResponseFailed(ErrorHandler.java:164)
	at org.openqa.selenium.remote.RemoteWebDriver.execute(RemoteWebDriver.java:647)
	at io.appium.java_client.AppiumDriver.execute(AppiumDriver.java:180)
	at io.appium.java_client.AppiumDriver.execute(AppiumDriver.java:185)
	at io.appium.java_client.AppiumDriver.getContext(AppiumDriver.java:546)
	at com.codoon.common.util.DeviceHelper.pressBackToHomePage(DeviceHelper.java:406)
	at com.codoon.test.DrycargoTest.tearDown(DrycargoTest.java:42)
	at sun.reflect.NativeMethodAccessorImpl.invoke0(Native Method)
	at sun.reflect.NativeMethodAccessorImpl.invoke(NativeMethodAccessorImpl.java:62)
	at sun.reflect.DelegatingMethodAccessorImpl.invoke(DelegatingMethodAccessorImpl.java:43)
	at java.lang.reflect.Method.invoke(Method.java:498)
	at org.testng.internal.MethodInvocationHelper.invokeMethod(MethodInvocationHelper.java:85)
	at org.testng.internal.Invoker.invokeConfigurationMethod(Invoker.java:517)
	at org.testng.internal.Invoker.invokeConfigurations(Invoker.java:213)
	at org.testng.internal.Invoker.invokeMethod(Invoker.java:732)
	at org.testng.internal.Invoker.invokeTestMethod(Invoker.java:845)
	at org.testng.internal.Invoker.invokeTestMethods(Invoker.java:1153)
	at org.testng.internal.TestMethodWorker.invokeTestMethods(TestMethodWorker.java:125)
	at org.testng.internal.TestMethodWorker.run(TestMethodWorker.java:108)
	at org.testng.TestRunner.privateRun(TestRunner.java:771)
	at org.testng.TestRunner.run(TestRunner.java:621)
	at org.testng.SuiteRunner.runTest(SuiteRunner.java:357)
	at org.testng.SuiteRunner.runSequentially(SuiteRunner.java:352)
	at org.testng.SuiteRunner.privateRun(SuiteRunner.java:310)
	at org.testng.SuiteRunner.run(SuiteRunner.java:259)
	at org.testng.SuiteRunnerWorker.runSuite(SuiteRunnerWorker.java:52)
	at org.testng.SuiteRunnerWorker.run(SuiteRunnerWorker.java:86)
	at org.testng.TestNG.runSuitesSequentially(TestNG.java:1199)
	at org.testng.TestNG.runSuitesLocally(TestNG.java:1124)
	at org.testng.TestNG.run(TestNG.java:1032)
	at org.testng.TestNG.privateMain(TestNG.java:1339)
	at org.testng.TestNG.main(TestNG.java:1308)
]]>
    </error>
  </testcase> <!-- test010 -->
  <testcase name="test002" time="27.369" classname="com.codoon.test.DrycargoTest"/>
  <testcase name="test006" time="63.756" classname="com.codoon.test.DrycargoTest"/>
  <testcase name="test005" time="54.648" classname="com.codoon.test.DrycargoTest"/>
  <testcase name="test008" time="3.369" classname="com.codoon.test.DrycargoTest">
    <error type="org.openqa.selenium.remote.SessionNotFoundException" message="A session is either terminated or not started (WARNING: The server did not provide any stacktrace information)
Command duration or timeout: 4 milliseconds
Build info: version: &#039;2.48.2&#039;, revision: &#039;41bccdd10cf2c0560f637404c2d96164b67d9d67&#039;, time: &#039;2015-10-09 13:08:06&#039;
System info: host: &#039;MrdeMacBook-Pro.local&#039;, ip: &#039;192.168.10.123&#039;, os.name: &#039;Mac OS X&#039;, os.arch: &#039;x86_64&#039;, os.version: &#039;10.12.5&#039;, java.version: &#039;1.8.0_131&#039;
Driver info: io.driver.SikuppiumDriver
Capabilities [{appPackage=com.codoon.gps, networkConnectionEnabled=true, recreateChromeDriverSessions=true, warnings={}, databaseEnabled=false, deviceName=125683fc, platform=LINUX, deviceUDID=125683fc, appActivity=.ui.SlideActivity, desired={appPackage=com.codoon.gps, appActivity=.ui.SlideActivity, recreateChromeDriverSessions=true, platformVersion=6.0.1, automationName=Appium, unicodeKeyboard=true, sessionOverride=true, platformName=Android, deviceName=125683fc, resetKeyboard=true, unexpectedAlertBehaviour=accept}, platformVersion=6.0.1, webStorageEnabled=false, locationContextEnabled=false, automationName=Appium, takesScreenshot=true, javascriptEnabled=true, unicodeKeyboard=true, sessionOverride=true, platformName=Android, resetKeyboard=true, unexpectedAlertBehaviour=accept}]
Session ID: 3c066ddf-9efa-4bbe-918a-eb5ba67c131d">
      <![CDATA[org.openqa.selenium.remote.SessionNotFoundException: A session is either terminated or not started (WARNING: The server did not provide any stacktrace information)
Command duration or timeout: 4 milliseconds
Build info: version: '2.48.2', revision: '41bccdd10cf2c0560f637404c2d96164b67d9d67', time: '2015-10-09 13:08:06'
System info: host: 'MrdeMacBook-Pro.local', ip: '192.168.10.123', os.name: 'Mac OS X', os.arch: 'x86_64', os.version: '10.12.5', java.version: '1.8.0_131'
Driver info: io.driver.SikuppiumDriver
Capabilities [{appPackage=com.codoon.gps, networkConnectionEnabled=true, recreateChromeDriverSessions=true, warnings={}, databaseEnabled=false, deviceName=125683fc, platform=LINUX, deviceUDID=125683fc, appActivity=.ui.SlideActivity, desired={appPackage=com.codoon.gps, appActivity=.ui.SlideActivity, recreateChromeDriverSessions=true, platformVersion=6.0.1, automationName=Appium, unicodeKeyboard=true, sessionOverride=true, platformName=Android, deviceName=125683fc, resetKeyboard=true, unexpectedAlertBehaviour=accept}, platformVersion=6.0.1, webStorageEnabled=false, locationContextEnabled=false, automationName=Appium, takesScreenshot=true, javascriptEnabled=true, unicodeKeyboard=true, sessionOverride=true, platformName=Android, resetKeyboard=true, unexpectedAlertBehaviour=accept}]
Session ID: 3c066ddf-9efa-4bbe-918a-eb5ba67c131d
	at sun.reflect.NativeConstructorAccessorImpl.newInstance0(Native Method)
	at sun.reflect.NativeConstructorAccessorImpl.newInstance(NativeConstructorAccessorImpl.java:62)
	at sun.reflect.DelegatingConstructorAccessorImpl.newInstance(DelegatingConstructorAccessorImpl.java:45)
	at java.lang.reflect.Constructor.newInstance(Constructor.java:423)
	at org.openqa.selenium.remote.ErrorHandler.createThrowable(ErrorHandler.java:206)
	at org.openqa.selenium.remote.ErrorHandler.throwIfResponseFailed(ErrorHandler.java:164)
	at org.openqa.selenium.remote.RemoteWebDriver.execute(RemoteWebDriver.java:647)
	at io.appium.java_client.AppiumDriver.execute(AppiumDriver.java:180)
	at io.appium.java_client.AppiumDriver.execute(AppiumDriver.java:185)
	at io.appium.java_client.AppiumDriver.getContext(AppiumDriver.java:546)
	at com.codoon.common.util.DeviceHelper.pressBackToHomePage(DeviceHelper.java:406)
	at com.codoon.test.DrycargoTest.tearDown(DrycargoTest.java:42)
	at sun.reflect.NativeMethodAccessorImpl.invoke0(Native Method)
	at sun.reflect.NativeMethodAccessorImpl.invoke(NativeMethodAccessorImpl.java:62)
	at sun.reflect.DelegatingMethodAccessorImpl.invoke(DelegatingMethodAccessorImpl.java:43)
	at java.lang.reflect.Method.invoke(Method.java:498)
	at org.testng.internal.MethodInvocationHelper.invokeMethod(MethodInvocationHelper.java:85)
	at org.testng.internal.Invoker.invokeConfigurationMethod(Invoker.java:517)
	at org.testng.internal.Invoker.invokeConfigurations(Invoker.java:213)
	at org.testng.internal.Invoker.invokeMethod(Invoker.java:732)
	at org.testng.internal.Invoker.invokeTestMethod(Invoker.java:845)
	at org.testng.internal.Invoker.invokeTestMethods(Invoker.java:1153)
	at org.testng.internal.TestMethodWorker.invokeTestMethods(TestMethodWorker.java:125)
	at org.testng.internal.TestMethodWorker.run(TestMethodWorker.java:108)
	at org.testng.TestRunner.privateRun(TestRunner.java:771)
	at org.testng.TestRunner.run(TestRunner.java:621)
	at org.testng.SuiteRunner.runTest(SuiteRunner.java:357)
	at org.testng.SuiteRunner.runSequentially(SuiteRunner.java:352)
	at org.testng.SuiteRunner.privateRun(SuiteRunner.java:310)
	at org.testng.SuiteRunner.run(SuiteRunner.java:259)
	at org.testng.SuiteRunnerWorker.runSuite(SuiteRunnerWorker.java:52)
	at org.testng.SuiteRunnerWorker.run(SuiteRunnerWorker.java:86)
	at org.testng.TestNG.runSuitesSequentially(TestNG.java:1199)
	at org.testng.TestNG.runSuitesLocally(TestNG.java:1124)
	at org.testng.TestNG.run(TestNG.java:1032)
	at org.testng.TestNG.privateMain(TestNG.java:1339)
	at org.testng.TestNG.main(TestNG.java:1308)
]]>
    </error>
  </testcase> <!-- test008 -->
  <testcase name="test001" time="25.294" classname="com.codoon.test.DrycargoTest"/>
  <testcase name="test004" time="7.576" classname="com.codoon.test.DrycargoTest"/>
  <testcase name="test011" time="0.000" classname="com.codoon.test.DrycargoTest">
    <error type="org.openqa.selenium.remote.SessionNotFoundException" message="A session is either terminated or not started (WARNING: The server did not provide any stacktrace information)
Command duration or timeout: 4 milliseconds
Build info: version: &#039;2.48.2&#039;, revision: &#039;41bccdd10cf2c0560f637404c2d96164b67d9d67&#039;, time: &#039;2015-10-09 13:08:06&#039;
System info: host: &#039;MrdeMacBook-Pro.local&#039;, ip: &#039;192.168.10.123&#039;, os.name: &#039;Mac OS X&#039;, os.arch: &#039;x86_64&#039;, os.version: &#039;10.12.5&#039;, java.version: &#039;1.8.0_131&#039;
Driver info: io.driver.SikuppiumDriver
Capabilities [{appPackage=com.codoon.gps, networkConnectionEnabled=true, recreateChromeDriverSessions=true, warnings={}, databaseEnabled=false, deviceName=125683fc, platform=LINUX, deviceUDID=125683fc, appActivity=.ui.SlideActivity, desired={appPackage=com.codoon.gps, appActivity=.ui.SlideActivity, recreateChromeDriverSessions=true, platformVersion=6.0.1, automationName=Appium, unicodeKeyboard=true, sessionOverride=true, platformName=Android, deviceName=125683fc, resetKeyboard=true, unexpectedAlertBehaviour=accept}, platformVersion=6.0.1, webStorageEnabled=false, locationContextEnabled=false, automationName=Appium, takesScreenshot=true, javascriptEnabled=true, unicodeKeyboard=true, sessionOverride=true, platformName=Android, resetKeyboard=true, unexpectedAlertBehaviour=accept}]
Session ID: 3c066ddf-9efa-4bbe-918a-eb5ba67c131d">
      <![CDATA[org.openqa.selenium.remote.SessionNotFoundException: A session is either terminated or not started (WARNING: The server did not provide any stacktrace information)
Command duration or timeout: 4 milliseconds
Build info: version: '2.48.2', revision: '41bccdd10cf2c0560f637404c2d96164b67d9d67', time: '2015-10-09 13:08:06'
System info: host: 'MrdeMacBook-Pro.local', ip: '192.168.10.123', os.name: 'Mac OS X', os.arch: 'x86_64', os.version: '10.12.5', java.version: '1.8.0_131'
Driver info: io.driver.SikuppiumDriver
Capabilities [{appPackage=com.codoon.gps, networkConnectionEnabled=true, recreateChromeDriverSessions=true, warnings={}, databaseEnabled=false, deviceName=125683fc, platform=LINUX, deviceUDID=125683fc, appActivity=.ui.SlideActivity, desired={appPackage=com.codoon.gps, appActivity=.ui.SlideActivity, recreateChromeDriverSessions=true, platformVersion=6.0.1, automationName=Appium, unicodeKeyboard=true, sessionOverride=true, platformName=Android, deviceName=125683fc, resetKeyboard=true, unexpectedAlertBehaviour=accept}, platformVersion=6.0.1, webStorageEnabled=false, locationContextEnabled=false, automationName=Appium, takesScreenshot=true, javascriptEnabled=true, unicodeKeyboard=true, sessionOverride=true, platformName=Android, resetKeyboard=true, unexpectedAlertBehaviour=accept}]
Session ID: 3c066ddf-9efa-4bbe-918a-eb5ba67c131d
	at sun.reflect.NativeConstructorAccessorImpl.newInstance0(Native Method)
	at sun.reflect.NativeConstructorAccessorImpl.newInstance(NativeConstructorAccessorImpl.java:62)
	at sun.reflect.DelegatingConstructorAccessorImpl.newInstance(DelegatingConstructorAccessorImpl.java:45)
	at java.lang.reflect.Constructor.newInstance(Constructor.java:423)
	at org.openqa.selenium.remote.ErrorHandler.createThrowable(ErrorHandler.java:206)
	at org.openqa.selenium.remote.ErrorHandler.throwIfResponseFailed(ErrorHandler.java:164)
	at org.openqa.selenium.remote.RemoteWebDriver.execute(RemoteWebDriver.java:647)
	at io.appium.java_client.AppiumDriver.execute(AppiumDriver.java:180)
	at io.appium.java_client.AppiumDriver.execute(AppiumDriver.java:185)
	at io.appium.java_client.AppiumDriver.getContext(AppiumDriver.java:546)
	at com.codoon.common.util.DeviceHelper.pressBackToHomePage(DeviceHelper.java:406)
	at com.codoon.test.DrycargoTest.tearDown(DrycargoTest.java:42)
	at sun.reflect.NativeMethodAccessorImpl.invoke0(Native Method)
	at sun.reflect.NativeMethodAccessorImpl.invoke(NativeMethodAccessorImpl.java:62)
	at sun.reflect.DelegatingMethodAccessorImpl.invoke(DelegatingMethodAccessorImpl.java:43)
	at java.lang.reflect.Method.invoke(Method.java:498)
	at org.testng.internal.MethodInvocationHelper.invokeMethod(MethodInvocationHelper.java:85)
	at org.testng.internal.Invoker.invokeConfigurationMethod(Invoker.java:517)
	at org.testng.internal.Invoker.invokeConfigurations(Invoker.java:213)
	at org.testng.internal.Invoker.invokeMethod(Invoker.java:732)
	at org.testng.internal.Invoker.invokeTestMethod(Invoker.java:845)
	at org.testng.internal.Invoker.invokeTestMethods(Invoker.java:1153)
	at org.testng.internal.TestMethodWorker.invokeTestMethods(TestMethodWorker.java:125)
	at org.testng.internal.TestMethodWorker.run(TestMethodWorker.java:108)
	at org.testng.TestRunner.privateRun(TestRunner.java:771)
	at org.testng.TestRunner.run(TestRunner.java:621)
	at org.testng.SuiteRunner.runTest(SuiteRunner.java:357)
	at org.testng.SuiteRunner.runSequentially(SuiteRunner.java:352)
	at org.testng.SuiteRunner.privateRun(SuiteRunner.java:310)
	at org.testng.SuiteRunner.run(SuiteRunner.java:259)
	at org.testng.SuiteRunnerWorker.runSuite(SuiteRunnerWorker.java:52)
	at org.testng.SuiteRunnerWorker.run(SuiteRunnerWorker.java:86)
	at org.testng.TestNG.runSuitesSequentially(TestNG.java:1199)
	at org.testng.TestNG.runSuitesLocally(TestNG.java:1124)
	at org.testng.TestNG.run(TestNG.java:1032)
	at org.testng.TestNG.privateMain(TestNG.java:1339)
	at org.testng.TestNG.main(TestNG.java:1308)
]]>
    </error>
  </testcase> <!-- test011 -->
  <testcase name="test012" time="0.000" classname="com.codoon.test.DrycargoTest">
    <error type="org.openqa.selenium.remote.SessionNotFoundException" message="A session is either terminated or not started (WARNING: The server did not provide any stacktrace information)
Command duration or timeout: 4 milliseconds
Build info: version: &#039;2.48.2&#039;, revision: &#039;41bccdd10cf2c0560f637404c2d96164b67d9d67&#039;, time: &#039;2015-10-09 13:08:06&#039;
System info: host: &#039;MrdeMacBook-Pro.local&#039;, ip: &#039;192.168.10.123&#039;, os.name: &#039;Mac OS X&#039;, os.arch: &#039;x86_64&#039;, os.version: &#039;10.12.5&#039;, java.version: &#039;1.8.0_131&#039;
Driver info: io.driver.SikuppiumDriver
Capabilities [{appPackage=com.codoon.gps, networkConnectionEnabled=true, recreateChromeDriverSessions=true, warnings={}, databaseEnabled=false, deviceName=125683fc, platform=LINUX, deviceUDID=125683fc, appActivity=.ui.SlideActivity, desired={appPackage=com.codoon.gps, appActivity=.ui.SlideActivity, recreateChromeDriverSessions=true, platformVersion=6.0.1, automationName=Appium, unicodeKeyboard=true, sessionOverride=true, platformName=Android, deviceName=125683fc, resetKeyboard=true, unexpectedAlertBehaviour=accept}, platformVersion=6.0.1, webStorageEnabled=false, locationContextEnabled=false, automationName=Appium, takesScreenshot=true, javascriptEnabled=true, unicodeKeyboard=true, sessionOverride=true, platformName=Android, resetKeyboard=true, unexpectedAlertBehaviour=accept}]
Session ID: 3c066ddf-9efa-4bbe-918a-eb5ba67c131d">
      <![CDATA[org.openqa.selenium.remote.SessionNotFoundException: A session is either terminated or not started (WARNING: The server did not provide any stacktrace information)
Command duration or timeout: 4 milliseconds
Build info: version: '2.48.2', revision: '41bccdd10cf2c0560f637404c2d96164b67d9d67', time: '2015-10-09 13:08:06'
System info: host: 'MrdeMacBook-Pro.local', ip: '192.168.10.123', os.name: 'Mac OS X', os.arch: 'x86_64', os.version: '10.12.5', java.version: '1.8.0_131'
Driver info: io.driver.SikuppiumDriver
Capabilities [{appPackage=com.codoon.gps, networkConnectionEnabled=true, recreateChromeDriverSessions=true, warnings={}, databaseEnabled=false, deviceName=125683fc, platform=LINUX, deviceUDID=125683fc, appActivity=.ui.SlideActivity, desired={appPackage=com.codoon.gps, appActivity=.ui.SlideActivity, recreateChromeDriverSessions=true, platformVersion=6.0.1, automationName=Appium, unicodeKeyboard=true, sessionOverride=true, platformName=Android, deviceName=125683fc, resetKeyboard=true, unexpectedAlertBehaviour=accept}, platformVersion=6.0.1, webStorageEnabled=false, locationContextEnabled=false, automationName=Appium, takesScreenshot=true, javascriptEnabled=true, unicodeKeyboard=true, sessionOverride=true, platformName=Android, resetKeyboard=true, unexpectedAlertBehaviour=accept}]
Session ID: 3c066ddf-9efa-4bbe-918a-eb5ba67c131d
	at sun.reflect.NativeConstructorAccessorImpl.newInstance0(Native Method)
	at sun.reflect.NativeConstructorAccessorImpl.newInstance(NativeConstructorAccessorImpl.java:62)
	at sun.reflect.DelegatingConstructorAccessorImpl.newInstance(DelegatingConstructorAccessorImpl.java:45)
	at java.lang.reflect.Constructor.newInstance(Constructor.java:423)
	at org.openqa.selenium.remote.ErrorHandler.createThrowable(ErrorHandler.java:206)
	at org.openqa.selenium.remote.ErrorHandler.throwIfResponseFailed(ErrorHandler.java:164)
	at org.openqa.selenium.remote.RemoteWebDriver.execute(RemoteWebDriver.java:647)
	at io.appium.java_client.AppiumDriver.execute(AppiumDriver.java:180)
	at io.appium.java_client.AppiumDriver.execute(AppiumDriver.java:185)
	at io.appium.java_client.AppiumDriver.getContext(AppiumDriver.java:546)
	at com.codoon.common.util.DeviceHelper.pressBackToHomePage(DeviceHelper.java:406)
	at com.codoon.test.DrycargoTest.tearDown(DrycargoTest.java:42)
	at sun.reflect.NativeMethodAccessorImpl.invoke0(Native Method)
	at sun.reflect.NativeMethodAccessorImpl.invoke(NativeMethodAccessorImpl.java:62)
	at sun.reflect.DelegatingMethodAccessorImpl.invoke(DelegatingMethodAccessorImpl.java:43)
	at java.lang.reflect.Method.invoke(Method.java:498)
	at org.testng.internal.MethodInvocationHelper.invokeMethod(MethodInvocationHelper.java:85)
	at org.testng.internal.Invoker.invokeConfigurationMethod(Invoker.java:517)
	at org.testng.internal.Invoker.invokeConfigurations(Invoker.java:213)
	at org.testng.internal.Invoker.invokeMethod(Invoker.java:732)
	at org.testng.internal.Invoker.invokeTestMethod(Invoker.java:845)
	at org.testng.internal.Invoker.invokeTestMethods(Invoker.java:1153)
	at org.testng.internal.TestMethodWorker.invokeTestMethods(TestMethodWorker.java:125)
	at org.testng.internal.TestMethodWorker.run(TestMethodWorker.java:108)
	at org.testng.TestRunner.privateRun(TestRunner.java:771)
	at org.testng.TestRunner.run(TestRunner.java:621)
	at org.testng.SuiteRunner.runTest(SuiteRunner.java:357)
	at org.testng.SuiteRunner.runSequentially(SuiteRunner.java:352)
	at org.testng.SuiteRunner.privateRun(SuiteRunner.java:310)
	at org.testng.SuiteRunner.run(SuiteRunner.java:259)
	at org.testng.SuiteRunnerWorker.runSuite(SuiteRunnerWorker.java:52)
	at org.testng.SuiteRunnerWorker.run(SuiteRunnerWorker.java:86)
	at org.testng.TestNG.runSuitesSequentially(TestNG.java:1199)
	at org.testng.TestNG.runSuitesLocally(TestNG.java:1124)
	at org.testng.TestNG.run(TestNG.java:1032)
	at org.testng.TestNG.privateMain(TestNG.java:1339)
	at org.testng.TestNG.main(TestNG.java:1308)
]]>
    </error>
  </testcase> <!-- test012 -->
  <testcase name="test009" time="0.000" classname="com.codoon.test.DrycargoTest">
    <error type="org.openqa.selenium.remote.SessionNotFoundException" message="A session is either terminated or not started (WARNING: The server did not provide any stacktrace information)
Command duration or timeout: 4 milliseconds
Build info: version: &#039;2.48.2&#039;, revision: &#039;41bccdd10cf2c0560f637404c2d96164b67d9d67&#039;, time: &#039;2015-10-09 13:08:06&#039;
System info: host: &#039;MrdeMacBook-Pro.local&#039;, ip: &#039;192.168.10.123&#039;, os.name: &#039;Mac OS X&#039;, os.arch: &#039;x86_64&#039;, os.version: &#039;10.12.5&#039;, java.version: &#039;1.8.0_131&#039;
Driver info: io.driver.SikuppiumDriver
Capabilities [{appPackage=com.codoon.gps, networkConnectionEnabled=true, recreateChromeDriverSessions=true, warnings={}, databaseEnabled=false, deviceName=125683fc, platform=LINUX, deviceUDID=125683fc, appActivity=.ui.SlideActivity, desired={appPackage=com.codoon.gps, appActivity=.ui.SlideActivity, recreateChromeDriverSessions=true, platformVersion=6.0.1, automationName=Appium, unicodeKeyboard=true, sessionOverride=true, platformName=Android, deviceName=125683fc, resetKeyboard=true, unexpectedAlertBehaviour=accept}, platformVersion=6.0.1, webStorageEnabled=false, locationContextEnabled=false, automationName=Appium, takesScreenshot=true, javascriptEnabled=true, unicodeKeyboard=true, sessionOverride=true, platformName=Android, resetKeyboard=true, unexpectedAlertBehaviour=accept}]
Session ID: 3c066ddf-9efa-4bbe-918a-eb5ba67c131d">
      <![CDATA[org.openqa.selenium.remote.SessionNotFoundException: A session is either terminated or not started (WARNING: The server did not provide any stacktrace information)
Command duration or timeout: 4 milliseconds
Build info: version: '2.48.2', revision: '41bccdd10cf2c0560f637404c2d96164b67d9d67', time: '2015-10-09 13:08:06'
System info: host: 'MrdeMacBook-Pro.local', ip: '192.168.10.123', os.name: 'Mac OS X', os.arch: 'x86_64', os.version: '10.12.5', java.version: '1.8.0_131'
Driver info: io.driver.SikuppiumDriver
Capabilities [{appPackage=com.codoon.gps, networkConnectionEnabled=true, recreateChromeDriverSessions=true, warnings={}, databaseEnabled=false, deviceName=125683fc, platform=LINUX, deviceUDID=125683fc, appActivity=.ui.SlideActivity, desired={appPackage=com.codoon.gps, appActivity=.ui.SlideActivity, recreateChromeDriverSessions=true, platformVersion=6.0.1, automationName=Appium, unicodeKeyboard=true, sessionOverride=true, platformName=Android, deviceName=125683fc, resetKeyboard=true, unexpectedAlertBehaviour=accept}, platformVersion=6.0.1, webStorageEnabled=false, locationContextEnabled=false, automationName=Appium, takesScreenshot=true, javascriptEnabled=true, unicodeKeyboard=true, sessionOverride=true, platformName=Android, resetKeyboard=true, unexpectedAlertBehaviour=accept}]
Session ID: 3c066ddf-9efa-4bbe-918a-eb5ba67c131d
	at sun.reflect.NativeConstructorAccessorImpl.newInstance0(Native Method)
	at sun.reflect.NativeConstructorAccessorImpl.newInstance(NativeConstructorAccessorImpl.java:62)
	at sun.reflect.DelegatingConstructorAccessorImpl.newInstance(DelegatingConstructorAccessorImpl.java:45)
	at java.lang.reflect.Constructor.newInstance(Constructor.java:423)
	at org.openqa.selenium.remote.ErrorHandler.createThrowable(ErrorHandler.java:206)
	at org.openqa.selenium.remote.ErrorHandler.throwIfResponseFailed(ErrorHandler.java:164)
	at org.openqa.selenium.remote.RemoteWebDriver.execute(RemoteWebDriver.java:647)
	at io.appium.java_client.AppiumDriver.execute(AppiumDriver.java:180)
	at io.appium.java_client.AppiumDriver.execute(AppiumDriver.java:185)
	at io.appium.java_client.AppiumDriver.getContext(AppiumDriver.java:546)
	at com.codoon.common.util.DeviceHelper.pressBackToHomePage(DeviceHelper.java:406)
	at com.codoon.test.DrycargoTest.tearDown(DrycargoTest.java:42)
	at sun.reflect.NativeMethodAccessorImpl.invoke0(Native Method)
	at sun.reflect.NativeMethodAccessorImpl.invoke(NativeMethodAccessorImpl.java:62)
	at sun.reflect.DelegatingMethodAccessorImpl.invoke(DelegatingMethodAccessorImpl.java:43)
	at java.lang.reflect.Method.invoke(Method.java:498)
	at org.testng.internal.MethodInvocationHelper.invokeMethod(MethodInvocationHelper.java:85)
	at org.testng.internal.Invoker.invokeConfigurationMethod(Invoker.java:517)
	at org.testng.internal.Invoker.invokeConfigurations(Invoker.java:213)
	at org.testng.internal.Invoker.invokeMethod(Invoker.java:732)
	at org.testng.internal.Invoker.invokeTestMethod(Invoker.java:845)
	at org.testng.internal.Invoker.invokeTestMethods(Invoker.java:1153)
	at org.testng.internal.TestMethodWorker.invokeTestMethods(TestMethodWorker.java:125)
	at org.testng.internal.TestMethodWorker.run(TestMethodWorker.java:108)
	at org.testng.TestRunner.privateRun(TestRunner.java:771)
	at org.testng.TestRunner.run(TestRunner.java:621)
	at org.testng.SuiteRunner.runTest(SuiteRunner.java:357)
	at org.testng.SuiteRunner.runSequentially(SuiteRunner.java:352)
	at org.testng.SuiteRunner.privateRun(SuiteRunner.java:310)
	at org.testng.SuiteRunner.run(SuiteRunner.java:259)
	at org.testng.SuiteRunnerWorker.runSuite(SuiteRunnerWorker.java:52)
	at org.testng.SuiteRunnerWorker.run(SuiteRunnerWorker.java:86)
	at org.testng.TestNG.runSuitesSequentially(TestNG.java:1199)
	at org.testng.TestNG.runSuitesLocally(TestNG.java:1124)
	at org.testng.TestNG.run(TestNG.java:1032)
	at org.testng.TestNG.privateMain(TestNG.java:1339)
	at org.testng.TestNG.main(TestNG.java:1308)
]]>
    </error>
  </testcase> <!-- test009 -->
  <testcase name="test003" time="41.738" classname="com.codoon.test.DrycargoTest"/>
</testsuite> <!-- com.codoon.test.DrycargoTest -->
