<?xml version="1.0" encoding="UTF-8"?>
<!-- Generated by org.testng.reporters.JUnitReportReporter -->
<testsuite hostname="MrdeMacBook-Pro.local" name="com.codoon.test.SportCircleTest" tests="25" failures="0" timestamp="11 Oct 2017 09:29:24 GMT" time="1016.757" errors="2">
  <testcase name="test025" time="18.133" classname="com.codoon.test.SportCircleTest"/>
  <testcase name="test017" time="24.863" classname="com.codoon.test.SportCircleTest"/>
  <testcase name="test006" time="51.804" classname="com.codoon.test.SportCircleTest"/>
  <testcase name="test002" time="10.674" classname="com.codoon.test.SportCircleTest"/>
  <testcase name="test022" time="33.086" classname="com.codoon.test.SportCircleTest"/>
  <testcase name="test018" time="28.468" classname="com.codoon.test.SportCircleTest">
    <error type="org.openqa.selenium.NoSuchElementException" message="Can&#039;t locate an element by this strategy: By.AndroidUIAutomator: text(&quot;推荐用户&quot;)
For documentation on this error, please visit: http://seleniumhq.org/exceptions/no_such_element.html
Build info: version: &#039;2.48.2&#039;, revision: &#039;41bccdd10cf2c0560f637404c2d96164b67d9d67&#039;, time: &#039;2015-10-09 13:08:06&#039;
System info: host: &#039;MrdeMacBook-Pro.local&#039;, ip: &#039;192.168.10.123&#039;, os.name: &#039;Mac OS X&#039;, os.arch: &#039;x86_64&#039;, os.version: &#039;10.12.5&#039;, java.version: &#039;1.8.0_131&#039;
Driver info: driver.version: unknown">
      <![CDATA[org.openqa.selenium.NoSuchElementException: Can't locate an element by this strategy: By.AndroidUIAutomator: text("推荐用户")
For documentation on this error, please visit: http://seleniumhq.org/exceptions/no_such_element.html
Build info: version: '2.48.2', revision: '41bccdd10cf2c0560f637404c2d96164b67d9d67', time: '2015-10-09 13:08:06'
System info: host: 'MrdeMacBook-Pro.local', ip: '192.168.10.123', os.name: 'Mac OS X', os.arch: 'x86_64', os.version: '10.12.5', java.version: '1.8.0_131'
Driver info: driver.version: unknown
	at io.appium.java_client.pagefactory.AppiumElementLocator.findElement(AppiumElementLocator.java:147)
	at io.appium.java_client.pagefactory.ElementInterceptor.intercept(ElementInterceptor.java:26)
	at org.openqa.selenium.remote.RemoteWebElement$$EnhancerByCGLIB$$3e70910a.getLocation(<generated>)
	at com.codoon.common.util.DeviceHelper.moveToHalfScreen(DeviceHelper.java:319)
	at com.codoon.test.SportCircleTest.test018(SportCircleTest.java:368)
	at sun.reflect.NativeMethodAccessorImpl.invoke0(Native Method)
	at sun.reflect.NativeMethodAccessorImpl.invoke(NativeMethodAccessorImpl.java:62)
	at sun.reflect.DelegatingMethodAccessorImpl.invoke(DelegatingMethodAccessorImpl.java:43)
	at java.lang.reflect.Method.invoke(Method.java:498)
	at org.testng.internal.MethodInvocationHelper.invokeMethod(MethodInvocationHelper.java:85)
	at org.testng.internal.Invoker.invokeMethod(Invoker.java:659)
	at org.testng.internal.Invoker.retryFailed(Invoker.java:991)
	at org.testng.internal.Invoker.invokeTestMethods(Invoker.java:1171)
	at org.testng.internal.TestMethodWorker.invokeTestMethods(TestMethodWorker.java:125)
	at org.testng.internal.TestMethodWorker.run(TestMethodWorker.java:108)
	at org.testng.TestRunner.privateRun(TestRunner.java:771)
	at org.testng.TestRunner.run(TestRunner.java:621)
	at org.testng.SuiteRunner.runTest(SuiteRunner.java:357)
	at org.testng.SuiteRunner.runSequentially(SuiteRunner.java:352)
	at org.testng.SuiteRunner.privateRun(SuiteRunner.java:310)
	at org.testng.SuiteRunner.run(SuiteRunner.java:259)
	at org.testng.SuiteRunnerWorker.runSuite(SuiteRunnerWorker.java:52)
	at org.testng.SuiteRunnerWorker.run(SuiteRunnerWorker.java:86)
	at org.testng.TestNG.runSuitesSequentially(TestNG.java:1199)
	at org.testng.TestNG.runSuitesLocally(TestNG.java:1124)
	at org.testng.TestNG.run(TestNG.java:1032)
	at org.testng.TestNG.privateMain(TestNG.java:1339)
	at org.testng.TestNG.main(TestNG.java:1308)
]]>
    </error>
  </testcase> <!-- test018 -->
  <testcase name="test023" time="49.782" classname="com.codoon.test.SportCircleTest"/>
  <testcase name="test021" time="170.588" classname="com.codoon.test.SportCircleTest"/>
  <testcase name="test008" time="46.359" classname="com.codoon.test.SportCircleTest"/>
  <testcase name="test003" time="28.135" classname="com.codoon.test.SportCircleTest"/>
  <testcase name="test016" time="64.937" classname="com.codoon.test.SportCircleTest"/>
  <testcase name="test015" time="63.920" classname="com.codoon.test.SportCircleTest"/>
  <testcase name="test011" time="32.006" classname="com.codoon.test.SportCircleTest"/>
  <testcase name="test024" time="39.205" classname="com.codoon.test.SportCircleTest"/>
  <testcase name="test007" time="12.783" classname="com.codoon.test.SportCircleTest"/>
  <testcase name="test014" time="64.147" classname="com.codoon.test.SportCircleTest"/>
  <testcase name="test013" time="30.786" classname="com.codoon.test.SportCircleTest"/>
  <testcase name="test010" time="29.137" classname="com.codoon.test.SportCircleTest"/>
  <testcase name="test001" time="14.284" classname="com.codoon.test.SportCircleTest"/>
  <testcase name="test004" time="33.632" classname="com.codoon.test.SportCircleTest"/>
  <testcase name="test019" time="43.987" classname="com.codoon.test.SportCircleTest">
    <error type="org.openqa.selenium.NoSuchElementException" message="Can&#039;t locate an element by this strategy: By.AndroidUIAutomator: text(&quot;推荐用户&quot;)
For documentation on this error, please visit: http://seleniumhq.org/exceptions/no_such_element.html
Build info: version: &#039;2.48.2&#039;, revision: &#039;41bccdd10cf2c0560f637404c2d96164b67d9d67&#039;, time: &#039;2015-10-09 13:08:06&#039;
System info: host: &#039;MrdeMacBook-Pro.local&#039;, ip: &#039;192.168.10.123&#039;, os.name: &#039;Mac OS X&#039;, os.arch: &#039;x86_64&#039;, os.version: &#039;10.12.5&#039;, java.version: &#039;1.8.0_131&#039;
Driver info: driver.version: unknown">
      <![CDATA[org.openqa.selenium.NoSuchElementException: Can't locate an element by this strategy: By.AndroidUIAutomator: text("推荐用户")
For documentation on this error, please visit: http://seleniumhq.org/exceptions/no_such_element.html
Build info: version: '2.48.2', revision: '41bccdd10cf2c0560f637404c2d96164b67d9d67', time: '2015-10-09 13:08:06'
System info: host: 'MrdeMacBook-Pro.local', ip: '192.168.10.123', os.name: 'Mac OS X', os.arch: 'x86_64', os.version: '10.12.5', java.version: '1.8.0_131'
Driver info: driver.version: unknown
	at io.appium.java_client.pagefactory.AppiumElementLocator.findElement(AppiumElementLocator.java:147)
	at io.appium.java_client.pagefactory.ElementInterceptor.intercept(ElementInterceptor.java:26)
	at org.openqa.selenium.remote.RemoteWebElement$$EnhancerByCGLIB$$3e70910a.getLocation(<generated>)
	at com.codoon.common.util.DeviceHelper.moveToHalfScreen(DeviceHelper.java:319)
	at com.codoon.test.SportCircleTest.test019(SportCircleTest.java:385)
	at sun.reflect.NativeMethodAccessorImpl.invoke0(Native Method)
	at sun.reflect.NativeMethodAccessorImpl.invoke(NativeMethodAccessorImpl.java:62)
	at sun.reflect.DelegatingMethodAccessorImpl.invoke(DelegatingMethodAccessorImpl.java:43)
	at java.lang.reflect.Method.invoke(Method.java:498)
	at org.testng.internal.MethodInvocationHelper.invokeMethod(MethodInvocationHelper.java:85)
	at org.testng.internal.Invoker.invokeMethod(Invoker.java:659)
	at org.testng.internal.Invoker.retryFailed(Invoker.java:991)
	at org.testng.internal.Invoker.invokeTestMethods(Invoker.java:1171)
	at org.testng.internal.TestMethodWorker.invokeTestMethods(TestMethodWorker.java:125)
	at org.testng.internal.TestMethodWorker.run(TestMethodWorker.java:108)
	at org.testng.TestRunner.privateRun(TestRunner.java:771)
	at org.testng.TestRunner.run(TestRunner.java:621)
	at org.testng.SuiteRunner.runTest(SuiteRunner.java:357)
	at org.testng.SuiteRunner.runSequentially(SuiteRunner.java:352)
	at org.testng.SuiteRunner.privateRun(SuiteRunner.java:310)
	at org.testng.SuiteRunner.run(SuiteRunner.java:259)
	at org.testng.SuiteRunnerWorker.runSuite(SuiteRunnerWorker.java:52)
	at org.testng.SuiteRunnerWorker.run(SuiteRunnerWorker.java:86)
	at org.testng.TestNG.runSuitesSequentially(TestNG.java:1199)
	at org.testng.TestNG.runSuitesLocally(TestNG.java:1124)
	at org.testng.TestNG.run(TestNG.java:1032)
	at org.testng.TestNG.privateMain(TestNG.java:1339)
	at org.testng.TestNG.main(TestNG.java:1308)
]]>
    </error>
  </testcase> <!-- test019 -->
  <testcase name="test005" time="16.723" classname="com.codoon.test.SportCircleTest"/>
  <testcase name="test020" time="36.410" classname="com.codoon.test.SportCircleTest"/>
  <testcase name="test026" time="45.115" classname="com.codoon.test.SportCircleTest"/>
  <testcase name="test012" time="27.793" classname="com.codoon.test.SportCircleTest"/>
</testsuite> <!-- com.codoon.test.SportCircleTest -->
